2.3895 	WARNING 	We strongly recommend you activate the PTB sound engine in PsychoPy prefs as the preferred audio engine. Its timing is vastly superior. Your prefs are currently set to use ['sounddevice', 'PTB', 'pyo', 'pygame'] (in that order).
13.3102 	EXP 	Created window1 = Window(allowGUI=False, allowStencil=False, autoLog=True, backendConf=UNKNOWN, bitsMode=UNKNOWN, blendMode='avg', bpc=(8, 8, 8), color=array([1., 1., 1.]), colorSpace='rgb', depthBits=8, fullscr=<method-wrapper '__getattribute__' of attributeSetter object at 0x14cd8ba90>, gamma=None, gammaErrorPolicy='raise', lms=UNKNOWN, monitor=<psychopy.monitors.calibTools.Monitor object at 0x14b81f5f8>, multiSample=False, name='window1', numSamples=2, pos=[0.0, 0.0], screen=0, size=array([1440,  900]), stencilBits=0, stereo=False, units='height', useFBO=True, useRetina=False, viewOri=0.0, viewPos=None, viewScale=None, waitBlanking=True, winType='pyglet')
13.3106 	EXP 	window1: mouseVisible = True
13.3107 	EXP 	window1: recordFrameIntervals = False
13.4754 	EXP 	window1: recordFrameIntervals = True
13.6595 	EXP 	window1: recordFrameIntervals = False
14.3331 	EXP 	window1: mouseVisible = True
14.3510 	EXP 	Created Instr1 = TextStim(__class__=<class 'psychopy.visual.text.TextStim'>, alignHoriz=method-wrapper(...), alignText='center', alignVert=method-wrapper(...), anchorHoriz='center', anchorVert='center', antialias=True, autoLog=True, bold=False, color=array([-1., -1., -1.]), colorSpace='rgb', contrast=1.0, depth=0.0, flipHoriz=False, flipVert=False, font='Open Sans', fontFiles=[], height=0.04, italic=False, languageStyle='LTR', name='Instr1', opacity=1, ori=0.0, pos=array([0., 0.]), rgb=UNKNOWN, text='', units='height', win=Window(...), wrapWidth=1)
14.3735 	EXP 	Created fixcross1 = ShapeStim(__class__=<class 'psychopy.visual.shape.ShapeStim'>, autoDraw=False, autoLog=True, closeShape=True, color=method-wrapper(...), colorSpace='rgb', contrast=None, depth=0.0, fillColor=array([-1., -1., -1.]), fillColorSpace='rgb', fillRGB=array([-1., -1., -1.]), interpolate=True, lineColor=array([1., 1., 1.]), lineColorSpace='rgb', lineRGB=array([1, 1, 1]), lineWidth=1.0, name='fixcross1', opacity=1, ori=0.0, pos=array([0., 0.]), size=array([0.1, 0.1]), units='height', vertices=ndarray(...), win=Window(...), windingRule=None)
14.3750 	EXP 	Created PracticeText = TextStim(__class__=<class 'psychopy.visual.text.TextStim'>, alignHoriz=method-wrapper(...), alignText='center', alignVert=method-wrapper(...), anchorHoriz='center', anchorVert='center', antialias=True, autoLog=True, bold=False, color=array([-1., -1., -1.]), colorSpace='rgb', contrast=1.0, depth=-1.0, flipHoriz=False, flipVert=False, font='Open Sans', fontFiles=[], height=0.05, italic=False, languageStyle='LTR', name='PracticeText', opacity=1, ori=0.0, pos=array([0., 0.]), rgb=UNKNOWN, text='', units='height', win=Window(...), wrapWidth=1)
14.4053 	EXP 	Sound scaretone set volume 1.000
14.4609 	EXP 	Created FTrue = TextStim(__class__=<class 'psychopy.visual.text.TextStim'>, alignHoriz=method-wrapper(...), alignText='center', alignVert=method-wrapper(...), anchorHoriz='center', anchorVert='center', antialias=True, autoLog=True, bold=False, color=array([-1., -1., -1.]), colorSpace='rgb', contrast=1.0, depth=-4.0, flipHoriz=False, flipVert=False, font='Open Sans', fontFiles=[], height=0.06, italic=False, languageStyle='LTR', name='FTrue', opacity=1, ori=0.0, pos=array([-0.5,  0.3]), rgb=UNKNOWN, text='F=TRUE', units='height', win=Window(...), wrapWidth=1)
14.4681 	EXP 	Created JFALSE = TextStim(__class__=<class 'psychopy.visual.text.TextStim'>, alignHoriz=method-wrapper(...), alignText='center', alignVert=method-wrapper(...), anchorHoriz='center', anchorVert='center', antialias=True, autoLog=True, bold=False, color=array([-1., -1., -1.]), colorSpace='rgb', contrast=1.0, depth=-5.0, flipHoriz=False, flipVert=False, font='Open Sans', fontFiles=[], height=0.06, italic=False, languageStyle='LTR', name='JFALSE', opacity=1, ori=0.0, pos=array([0.5, 0.3]), rgb=UNKNOWN, text='J=FALSE', units='height', win=Window(...), wrapWidth=1)
14.4849 	EXP 	Created Continue = TextStim(__class__=<class 'psychopy.visual.text.TextStim'>, alignHoriz=method-wrapper(...), alignText='center', alignVert=method-wrapper(...), anchorHoriz='center', anchorVert='center', antialias=True, autoLog=True, bold=False, color=array([-1., -1., -1.]), colorSpace='rgb', contrast=1.0, depth=0.0, flipHoriz=False, flipVert=False, font='Open Sans', fontFiles=[], height=0.05, italic=False, languageStyle='LTR', name='Continue', opacity=1, ori=0.0, pos=array([0., 0.]), rgb=UNKNOWN, text='Press Space to Continue', units='height', win=Window(...), wrapWidth=1)
14.5330 	EXP 	Created text = TextStim(__class__=<class 'psychopy.visual.text.TextStim'>, alignHoriz=method-wrapper(...), alignText='center', alignVert=method-wrapper(...), anchorHoriz='center', anchorVert='center', antialias=True, autoLog=True, bold=False, color=array([-1., -1., -1.]), colorSpace='rgb', contrast=1.0, depth=0.0, flipHoriz=False, flipVert=False, font='Open Sans', fontFiles=[], height=0.05, italic=False, languageStyle='LTR', name='text', opacity=1, ori=0.0, pos=array([0., 0.]), rgb=UNKNOWN, text=str(...), units='height', win=Window(...), wrapWidth=1)
14.5486 	EXP 	Created fixcross = ShapeStim(__class__=<class 'psychopy.visual.shape.ShapeStim'>, autoDraw=False, autoLog=True, closeShape=True, color=method-wrapper(...), colorSpace='rgb', contrast=None, depth=0.0, fillColor=array([-1., -1., -1.]), fillColorSpace='rgb', fillRGB=array([-1., -1., -1.]), interpolate=True, lineColor=array([1., 1., 1.]), lineColorSpace='rgb', lineRGB=array([1, 1, 1]), lineWidth=1.0, name='fixcross', opacity=1, ori=0.0, pos=array([0., 0.]), size=array([0.1, 0.1]), units='height', vertices=ndarray(...), win=Window(...), windingRule=None)
14.5498 	EXP 	Created Fasttext = TextStim(__class__=<class 'psychopy.visual.text.TextStim'>, alignHoriz=method-wrapper(...), alignText='center', alignVert=method-wrapper(...), anchorHoriz='center', anchorVert='center', antialias=True, autoLog=True, bold=False, color=array([-1., -1., -1.]), colorSpace='rgb', contrast=1.0, depth=-1.0, flipHoriz=False, flipVert=False, font='Open Sans', fontFiles=[], height=0.05, italic=False, languageStyle='LTR', name='Fasttext', opacity=1, ori=0.0, pos=array([0., 0.]), rgb=UNKNOWN, text='', units='height', win=Window(...), wrapWidth=1)
14.5619 	EXP 	Sound Timer set volume 1.000
14.5656 	EXP 	Created TRUE = TextStim(__class__=<class 'psychopy.visual.text.TextStim'>, alignHoriz=method-wrapper(...), alignText='center', alignVert=method-wrapper(...), anchorHoriz='center', anchorVert='center', antialias=True, autoLog=True, bold=False, color=array([-1., -1., -1.]), colorSpace='rgb', contrast=1.0, depth=-5.0, flipHoriz=False, flipVert=False, font='Open Sans', fontFiles=[], height=0.06, italic=False, languageStyle='LTR', name='TRUE', opacity=1, ori=0.0, pos=array([-0.5,  0.3]), rgb=UNKNOWN, text='F=TRUE', units='height', win=Window(...), wrapWidth=1)
14.5694 	EXP 	Created FALSE = TextStim(__class__=<class 'psychopy.visual.text.TextStim'>, alignHoriz=method-wrapper(...), alignText='center', alignVert=method-wrapper(...), anchorHoriz='center', anchorVert='center', antialias=True, autoLog=True, bold=False, color=array([-1., -1., -1.]), colorSpace='rgb', contrast=1.0, depth=-6.0, flipHoriz=False, flipVert=False, font='Open Sans', fontFiles=[], height=0.06, italic=False, languageStyle='LTR', name='FALSE', opacity=1, ori=0.0, pos=array([0.5, 0.3]), rgb=UNKNOWN, text='J=FALSE', units='height', win=Window(...), wrapWidth=1)
14.6013 	EXP 	Created EndStudyText = TextStim(__class__=<class 'psychopy.visual.text.TextStim'>, alignHoriz=method-wrapper(...), alignText='center', alignVert=method-wrapper(...), anchorHoriz='center', anchorVert='center', antialias=True, autoLog=True, bold=False, color=array([-1., -1., -1.]), colorSpace='rgb', contrast=1.0, depth=0.0, flipHoriz=False, flipVert=False, font='Open Sans', fontFiles=[], height=0.1, italic=False, languageStyle='LTR', name='EndStudyText', opacity=1, ori=0.0, pos=array([0., 0.]), rgb=UNKNOWN, text=str(...), units='height', win=Window(...), wrapWidth=1)
14.6135 	EXP 	window1: mouseVisible = False
14.6326 	EXP 	Imported SpeededInstructionsSheet.xlsx as conditions, 5 conditions, 1 params
14.6332 	EXP 	Created sequence: sequential, trialTypes=5, nReps=1, seed=None
14.6338 	EXP 	New trial (rep=0, index=0): {'FastInstructions': 'You will be shown a total of 80 statements pertaining to mathematics, science, and social concepts. Your task is to determine whether each statement is true or false as quickly as possible without sacrificing accuracy. Some statements will be difficult and some will be easier.  We do not expect you to know the correct answer for all 80 statements.  Press F to Continue'}
14.6914 	EXP 	Instr1: text = 'You will be shown a total of 80 statements pertaining to mathematics, science, and social concepts. Your task is to determine whether each statement is true or false as quickly as possible without sacrificing accuracy. Some statements will be difficult and some will be easier.  We do not expect you to know the correct answer for all 80 statements.  Press F to Continue'
14.6914 	EXP 	Instr1: autoDraw = True
16.2268 	EXP 	New trial (rep=0, index=1): {'FastInstructions': 'Each statement will appear on your screen for 5 seconds and you will have those 5 seconds to decide if it is true or false before the next statement appears. There will be a beep to inform you that you have 2 seconds remaining. If you do not respond, that answer will be considered incorrect and the task will move on to the next statement. Press F to continue'}
16.2573 	DATA 	Keypress: f
16.2749 	EXP 	Instr1: autoDraw = False
16.2749 	EXP 	Instr1: text = 'Each statement will appear on your screen for 5 seconds and you will have those 5 seconds to decide if it is true or false before the next statement appears. There will be a beep to inform you that you have 2 seconds remaining. If you do not respond, that answer will be considered incorrect and the task will move on to the next statement. Press F to continue'
16.2749 	EXP 	Instr1: autoDraw = True
16.5257 	EXP 	New trial (rep=0, index=2): {'FastInstructions': 'If the statement is true, you will press the “F” key on your keyboard with your left pointer finger; if the statement is false, you will press the “J” key on your keyboard with your right pointer finger. Press F to continue'}
16.5495 	DATA 	Keypress: f
16.5578 	EXP 	Instr1: autoDraw = False
16.5578 	EXP 	Instr1: text = 'If the statement is true, you will press the “F” key on your keyboard with your left pointer finger; if the statement is false, you will press the “J” key on your keyboard with your right pointer finger. Press F to continue'
16.5578 	EXP 	Instr1: autoDraw = True
16.7928 	EXP 	New trial (rep=0, index=3): {'FastInstructions': "Prior to completing the study, you will complete 10 practice trials to familiarize yourself with the task. Your performance on these trials will determine your participation in the following study. Press 'F' to continue."}
16.8134 	DATA 	Keypress: f
16.8252 	EXP 	Instr1: autoDraw = False
16.8252 	EXP 	Instr1: text = "Prior to completing the study, you will complete 10 practice trials to familiarize yourself with the task. Your performance on these trials will determine your participation in the following study. Press 'F' to continue."
16.8252 	EXP 	Instr1: autoDraw = True
17.0934 	EXP 	New trial (rep=0, index=4): {'FastInstructions': 'If the statement is true, press the “F” key on your keyboard with your left pointer finger; if the statement is false, press the “J” key on your keyboard with your right pointer finger. Press F to continue'}
17.1086 	DATA 	Keypress: f
17.1260 	EXP 	Instr1: autoDraw = False
17.1260 	EXP 	Instr1: text = 'If the statement is true, press the “F” key on your keyboard with your left pointer finger; if the statement is false, press the “J” key on your keyboard with your right pointer finger. Press F to continue'
17.1260 	EXP 	Instr1: autoDraw = True
17.4396 	EXP 	Imported InfinityThesisPracticeFast.xlsx as conditions, 10 conditions, 2 params
17.4403 	EXP 	Created sequence: random, trialTypes=10, nReps=1, seed=None
17.4407 	EXP 	New trial (rep=0, index=0): {'practicetext': 'Mississippi is a country', 'practicecorrect': 'j'}
17.4565 	DATA 	Keypress: f
17.4753 	EXP 	Instr1: autoDraw = False
17.4753 	EXP 	PracticeText: text = 'Mississippi is a country'
17.4753 	EXP 	fixcross1: autoDraw = True
17.4917 	EXP 	FTrue: autoDraw = True
17.4917 	EXP 	JFALSE: autoDraw = True
17.9748 	EXP 	fixcross1: autoDraw = False
18.4587 	EXP 	PracticeText: autoDraw = True
20.1132 	DATA 	Keypress: j
20.1250 	EXP 	fixcross1: autoDraw = False
20.1250 	EXP 	PracticeText: autoDraw = False
20.1250 	EXP 	FTrue: autoDraw = False
20.1250 	EXP 	JFALSE: autoDraw = False
20.1250 	EXP 	Continue: autoDraw = True
21.5433 	EXP 	New trial (rep=0, index=1): {'practicetext': 'Jupiter is the planet we live on', 'practicecorrect': 'j'}
21.5536 	DATA 	Keypress: space
21.5751 	EXP 	Continue: autoDraw = False
21.5751 	EXP 	PracticeText: text = 'Jupiter is the planet we live on'
21.5751 	EXP 	fixcross1: autoDraw = True
21.6082 	EXP 	FTrue: autoDraw = True
21.6082 	EXP 	JFALSE: autoDraw = True
22.0756 	EXP 	fixcross1: autoDraw = False
22.5424 	EXP 	PracticeText: autoDraw = True
23.9484 	DATA 	Keypress: j
23.9587 	EXP 	fixcross1: autoDraw = False
23.9587 	EXP 	PracticeText: autoDraw = False
23.9587 	EXP 	FTrue: autoDraw = False
23.9587 	EXP 	JFALSE: autoDraw = False
23.9587 	EXP 	Continue: autoDraw = True
24.3597 	EXP 	New trial (rep=0, index=2): {'practicetext': 'A circle is a shape', 'practicecorrect': 'f'}
24.3680 	DATA 	Keypress: space
24.3756 	EXP 	Continue: autoDraw = False
24.3756 	EXP 	PracticeText: text = 'A circle is a shape'
24.3756 	EXP 	fixcross1: autoDraw = True
24.4091 	EXP 	FTrue: autoDraw = True
24.4091 	EXP 	JFALSE: autoDraw = True
24.8759 	EXP 	fixcross1: autoDraw = False
25.3588 	EXP 	PracticeText: autoDraw = True
26.3816 	DATA 	Keypress: f
26.3931 	EXP 	fixcross1: autoDraw = False
26.3931 	EXP 	PracticeText: autoDraw = False
26.3931 	EXP 	FTrue: autoDraw = False
26.3931 	EXP 	JFALSE: autoDraw = False
26.3931 	EXP 	Continue: autoDraw = True
27.1102 	EXP 	New trial (rep=0, index=3): {'practicetext': 'Humans cannot breathe water', 'practicecorrect': 'f'}
27.1207 	DATA 	Keypress: space
27.1428 	EXP 	Continue: autoDraw = False
27.1428 	EXP 	PracticeText: text = 'Humans cannot breathe water'
27.1428 	EXP 	fixcross1: autoDraw = True
27.1587 	EXP 	FTrue: autoDraw = True
27.1587 	EXP 	JFALSE: autoDraw = True
27.6426 	EXP 	fixcross1: autoDraw = False
28.1095 	EXP 	PracticeText: autoDraw = True
28.9806 	DATA 	Keypress: escape
29.4649 	EXP 	window1: mouseVisible = True
