2.7508 	WARNING 	We strongly recommend you activate the PTB sound engine in PsychoPy prefs as the preferred audio engine. Its timing is vastly superior. Your prefs are currently set to use ['sounddevice', 'PTB', 'pyo', 'pygame'] (in that order).
14.3114 	EXP 	Created window1 = Window(allowGUI=False, allowStencil=False, autoLog=True, backendConf=UNKNOWN, bitsMode=UNKNOWN, blendMode='avg', bpc=(8, 8, 8), color=array([1., 1., 1.]), colorSpace='rgb', depthBits=8, fullscr=<method-wrapper '__getattribute__' of attributeSetter object at 0x1498d7a90>, gamma=None, gammaErrorPolicy='raise', lms=UNKNOWN, monitor=<psychopy.monitors.calibTools.Monitor object at 0x14836b630>, multiSample=False, name='window1', numSamples=2, pos=[0.0, 0.0], screen=0, size=array([1440,  900]), stencilBits=0, stereo=False, units='height', useFBO=True, useRetina=False, viewOri=0.0, viewPos=None, viewScale=None, waitBlanking=True, winType='pyglet')
14.3138 	EXP 	window1: mouseVisible = True
14.3139 	EXP 	window1: recordFrameIntervals = False
14.4729 	EXP 	window1: recordFrameIntervals = True
14.6562 	EXP 	window1: recordFrameIntervals = False
15.4556 	EXP 	window1: mouseVisible = True
15.4735 	EXP 	Created Instr1 = TextStim(__class__=<class 'psychopy.visual.text.TextStim'>, alignHoriz=method-wrapper(...), alignText='center', alignVert=method-wrapper(...), anchorHoriz='center', anchorVert='center', antialias=True, autoLog=True, bold=False, color=array([-1., -1., -1.]), colorSpace='rgb', contrast=1.0, depth=0.0, flipHoriz=False, flipVert=False, font='Open Sans', fontFiles=[], height=0.04, italic=False, languageStyle='LTR', name='Instr1', opacity=1, ori=0.0, pos=array([0., 0.]), rgb=UNKNOWN, text='', units='height', win=Window(...), wrapWidth=1)
15.5000 	EXP 	Created fixcross1 = ShapeStim(__class__=<class 'psychopy.visual.shape.ShapeStim'>, autoDraw=False, autoLog=True, closeShape=True, color=method-wrapper(...), colorSpace='rgb', contrast=None, depth=0.0, fillColor=array([-1., -1., -1.]), fillColorSpace='rgb', fillRGB=array([-1., -1., -1.]), interpolate=True, lineColor=array([1., 1., 1.]), lineColorSpace='rgb', lineRGB=array([1, 1, 1]), lineWidth=1.0, name='fixcross1', opacity=1, ori=0.0, pos=array([0., 0.]), size=array([0.1, 0.1]), units='height', vertices=ndarray(...), win=Window(...), windingRule=None)
15.5017 	EXP 	Created PracticeText = TextStim(__class__=<class 'psychopy.visual.text.TextStim'>, alignHoriz=method-wrapper(...), alignText='center', alignVert=method-wrapper(...), anchorHoriz='center', anchorVert='center', antialias=True, autoLog=True, bold=False, color=array([-1., -1., -1.]), colorSpace='rgb', contrast=1.0, depth=-1.0, flipHoriz=False, flipVert=False, font='Open Sans', fontFiles=[], height=0.05, italic=False, languageStyle='LTR', name='PracticeText', opacity=1, ori=0.0, pos=array([0., 0.]), rgb=UNKNOWN, text='', units='height', win=Window(...), wrapWidth=1)
15.5606 	EXP 	Sound scaretone set volume 1.000
15.6299 	EXP 	Created FTrue = TextStim(__class__=<class 'psychopy.visual.text.TextStim'>, alignHoriz=method-wrapper(...), alignText='center', alignVert=method-wrapper(...), anchorHoriz='center', anchorVert='center', antialias=True, autoLog=True, bold=False, color=array([-1., -1., -1.]), colorSpace='rgb', contrast=1.0, depth=-4.0, flipHoriz=False, flipVert=False, font='Open Sans', fontFiles=[], height=0.06, italic=False, languageStyle='LTR', name='FTrue', opacity=1, ori=0.0, pos=array([-0.5,  0.3]), rgb=UNKNOWN, text='F=TRUE', units='height', win=Window(...), wrapWidth=1)
15.6388 	EXP 	Created JFALSE = TextStim(__class__=<class 'psychopy.visual.text.TextStim'>, alignHoriz=method-wrapper(...), alignText='center', alignVert=method-wrapper(...), anchorHoriz='center', anchorVert='center', antialias=True, autoLog=True, bold=False, color=array([-1., -1., -1.]), colorSpace='rgb', contrast=1.0, depth=-5.0, flipHoriz=False, flipVert=False, font='Open Sans', fontFiles=[], height=0.06, italic=False, languageStyle='LTR', name='JFALSE', opacity=1, ori=0.0, pos=array([0.5, 0.3]), rgb=UNKNOWN, text='J=FALSE', units='height', win=Window(...), wrapWidth=1)
15.6408 	DEPRECATION 	'[-1.000,-1.000,-1.000)' is not a valid rgb color
15.6587 	EXP 	Created Continue = TextStim(__class__=<class 'psychopy.visual.text.TextStim'>, alignHoriz=method-wrapper(...), alignText='center', alignVert=method-wrapper(...), anchorHoriz='center', anchorVert='center', antialias=True, autoLog=True, bold=False, color=array([0., 0., 0.]), colorSpace='rgb', contrast=1.0, depth=0.0, flipHoriz=False, flipVert=False, font='Open Sans', fontFiles=[], height=0.06, italic=False, languageStyle='LTR', name='Continue', opacity=0, ori=0.0, pos=array([0., 0.]), rgb=UNKNOWN, text='Press Space to Continue', units='height', win=Window(...), wrapWidth=1)
15.7225 	EXP 	Created text = TextStim(__class__=<class 'psychopy.visual.text.TextStim'>, alignHoriz=method-wrapper(...), alignText='center', alignVert=method-wrapper(...), anchorHoriz='center', anchorVert='center', antialias=True, autoLog=True, bold=False, color=array([-1., -1., -1.]), colorSpace='rgb', contrast=1.0, depth=0.0, flipHoriz=False, flipVert=False, font='Open Sans', fontFiles=[], height=0.05, italic=False, languageStyle='LTR', name='text', opacity=1, ori=0.0, pos=array([0., 0.]), rgb=UNKNOWN, text=str(...), units='height', win=Window(...), wrapWidth=1)
15.7402 	EXP 	Created fixcross = ShapeStim(__class__=<class 'psychopy.visual.shape.ShapeStim'>, autoDraw=False, autoLog=True, closeShape=True, color=method-wrapper(...), colorSpace='rgb', contrast=None, depth=0.0, fillColor=array([-1., -1., -1.]), fillColorSpace='rgb', fillRGB=array([-1., -1., -1.]), interpolate=True, lineColor=array([1., 1., 1.]), lineColorSpace='rgb', lineRGB=array([1, 1, 1]), lineWidth=1.0, name='fixcross', opacity=1, ori=0.0, pos=array([0., 0.]), size=array([0.1, 0.1]), units='height', vertices=ndarray(...), win=Window(...), windingRule=None)
15.7415 	EXP 	Created Fasttext = TextStim(__class__=<class 'psychopy.visual.text.TextStim'>, alignHoriz=method-wrapper(...), alignText='center', alignVert=method-wrapper(...), anchorHoriz='center', anchorVert='center', antialias=True, autoLog=True, bold=False, color=array([-1., -1., -1.]), colorSpace='rgb', contrast=1.0, depth=-1.0, flipHoriz=False, flipVert=False, font='Open Sans', fontFiles=[], height=0.05, italic=False, languageStyle='LTR', name='Fasttext', opacity=1, ori=0.0, pos=array([0., 0.]), rgb=UNKNOWN, text='', units='height', win=Window(...), wrapWidth=1)
15.7557 	EXP 	Sound Timer set volume 1.000
15.7611 	EXP 	Created TRUE = TextStim(__class__=<class 'psychopy.visual.text.TextStim'>, alignHoriz=method-wrapper(...), alignText='center', alignVert=method-wrapper(...), anchorHoriz='center', anchorVert='center', antialias=True, autoLog=True, bold=False, color=array([-1., -1., -1.]), colorSpace='rgb', contrast=1.0, depth=-5.0, flipHoriz=False, flipVert=False, font='Open Sans', fontFiles=[], height=0.06, italic=False, languageStyle='LTR', name='TRUE', opacity=1, ori=0.0, pos=array([-0.5,  0.3]), rgb=UNKNOWN, text='F=TRUE', units='height', win=Window(...), wrapWidth=1)
15.7656 	EXP 	Created FALSE = TextStim(__class__=<class 'psychopy.visual.text.TextStim'>, alignHoriz=method-wrapper(...), alignText='center', alignVert=method-wrapper(...), anchorHoriz='center', anchorVert='center', antialias=True, autoLog=True, bold=False, color=array([-1., -1., -1.]), colorSpace='rgb', contrast=1.0, depth=-6.0, flipHoriz=False, flipVert=False, font='Open Sans', fontFiles=[], height=0.06, italic=False, languageStyle='LTR', name='FALSE', opacity=1, ori=0.0, pos=array([0.5, 0.3]), rgb=UNKNOWN, text='J=FALSE', units='height', win=Window(...), wrapWidth=1)
15.8050 	EXP 	Created EndStudyText = TextStim(__class__=<class 'psychopy.visual.text.TextStim'>, alignHoriz=method-wrapper(...), alignText='center', alignVert=method-wrapper(...), anchorHoriz='center', anchorVert='center', antialias=True, autoLog=True, bold=False, color=array([-1., -1., -1.]), colorSpace='rgb', contrast=1.0, depth=0.0, flipHoriz=False, flipVert=False, font='Open Sans', fontFiles=[], height=0.1, italic=False, languageStyle='LTR', name='EndStudyText', opacity=1, ori=0.0, pos=array([0., 0.]), rgb=UNKNOWN, text=str(...), units='height', win=Window(...), wrapWidth=1)
15.8204 	EXP 	window1: mouseVisible = False
15.8416 	EXP 	Imported SpeededInstructionsSheet.xlsx as conditions, 5 conditions, 1 params
15.8459 	EXP 	Created sequence: sequential, trialTypes=5, nReps=1, seed=None
15.8463 	EXP 	New trial (rep=0, index=0): {'FastInstructions': 'You will be shown a total of 80 statements pertaining to mathematics, science, and social concepts. Your task is to determine whether each statement is true or false as quickly as possible without sacrificing accuracy. Some statements will be difficult and some will be easier.  We do not expect you to know the correct answer for all 80 statements.  Press F to Continue'}
15.9230 	EXP 	Instr1: text = 'You will be shown a total of 80 statements pertaining to mathematics, science, and social concepts. Your task is to determine whether each statement is true or false as quickly as possible without sacrificing accuracy. Some statements will be difficult and some will be easier.  We do not expect you to know the correct answer for all 80 statements.  Press F to Continue'
15.9230 	EXP 	Instr1: autoDraw = True
16.6605 	EXP 	New trial (rep=0, index=1): {'FastInstructions': 'Each statement will appear on your screen for 5 seconds and you will have those 5 seconds to decide if it is true or false before the next statement appears. There will be a beep to inform you that you have 2 seconds remaining. If you do not respond, that answer will be considered incorrect and the task will move on to the next statement. Press F to continue'}
16.7391 	EXP 	Instr1: autoDraw = False
16.7391 	EXP 	Instr1: text = 'Each statement will appear on your screen for 5 seconds and you will have those 5 seconds to decide if it is true or false before the next statement appears. There will be a beep to inform you that you have 2 seconds remaining. If you do not respond, that answer will be considered incorrect and the task will move on to the next statement. Press F to continue'
16.7391 	EXP 	Instr1: autoDraw = True
17.0244 	EXP 	New trial (rep=0, index=2): {'FastInstructions': 'If the statement is true, you will press the “F” key on your keyboard with your left pointer finger; if the statement is false, you will press the “J” key on your keyboard with your right pointer finger. Press F to continue'}
17.0559 	EXP 	Instr1: autoDraw = False
17.0559 	EXP 	Instr1: text = 'If the statement is true, you will press the “F” key on your keyboard with your left pointer finger; if the statement is false, you will press the “J” key on your keyboard with your right pointer finger. Press F to continue'
17.0559 	EXP 	Instr1: autoDraw = True
17.3076 	EXP 	New trial (rep=0, index=3): {'FastInstructions': "Prior to completing the study, you will complete 10 practice trials to familiarize yourself with the task. Your performance on these trials will determine your participation in the following study. Press 'F' to continue."}
17.3393 	EXP 	Instr1: autoDraw = False
17.3393 	EXP 	Instr1: text = "Prior to completing the study, you will complete 10 practice trials to familiarize yourself with the task. Your performance on these trials will determine your participation in the following study. Press 'F' to continue."
17.3393 	EXP 	Instr1: autoDraw = True
17.6079 	EXP 	New trial (rep=0, index=4): {'FastInstructions': 'If the statement is true, press the “F” key on your keyboard with your left pointer finger; if the statement is false, press the “J” key on your keyboard with your right pointer finger. Press F to continue'}
17.6393 	EXP 	Instr1: autoDraw = False
17.6393 	EXP 	Instr1: text = 'If the statement is true, press the “F” key on your keyboard with your left pointer finger; if the statement is false, press the “J” key on your keyboard with your right pointer finger. Press F to continue'
17.6393 	EXP 	Instr1: autoDraw = True
17.9889 	EXP 	Imported InfinityThesisPracticeFast.xlsx as conditions, 10 conditions, 2 params
17.9933 	EXP 	Created sequence: random, trialTypes=10, nReps=1, seed=None
17.9940 	EXP 	New trial (rep=0, index=0): {'practicetext': 'Humans cannot breathe water', 'practicecorrect': 'f'}
18.0230 	EXP 	Instr1: autoDraw = False
18.0230 	EXP 	PracticeText: text = 'Humans cannot breathe water'
18.0230 	EXP 	fixcross1: autoDraw = True
18.0399 	EXP 	FTrue: autoDraw = True
18.0399 	EXP 	JFALSE: autoDraw = True
18.4730 	EXP 	fixcross1: autoDraw = False
18.5067 	EXP 	PracticeText: autoDraw = True
20.2897 	EXP 	fixcross1: autoDraw = False
20.2897 	EXP 	PracticeText: autoDraw = False
20.2897 	EXP 	FTrue: autoDraw = False
20.2897 	EXP 	JFALSE: autoDraw = False
20.2897 	EXP 	Continue: autoDraw = True
23.7088 	EXP 	New trial (rep=0, index=1): {'practicetext': 'Dinosaurs are extinct', 'practicecorrect': 'f'}
23.7395 	EXP 	Continue: autoDraw = False
23.7395 	EXP 	PracticeText: text = 'Dinosaurs are extinct'
23.7395 	EXP 	fixcross1: autoDraw = True
23.7735 	EXP 	FTrue: autoDraw = True
23.7735 	EXP 	JFALSE: autoDraw = True
24.1905 	EXP 	fixcross1: autoDraw = False
24.2246 	EXP 	PracticeText: autoDraw = True
25.8392 	EXP 	window1: mouseVisible = True
