1.2822 	WARNING 	We strongly recommend you activate the PTB sound engine in PsychoPy prefs as the preferred audio engine. Its timing is vastly superior. Your prefs are currently set to use ['sounddevice', 'PTB', 'pyo', 'pygame'] (in that order).
10.5272 	EXP 	Created window1 = Window(allowGUI=False, allowStencil=False, autoLog=True, backendConf=UNKNOWN, bitsMode=UNKNOWN, blendMode='avg', bpc=(8, 8, 8), color=array([1., 1., 1.]), colorSpace='rgb', depthBits=8, fullscr=<method-wrapper '__getattribute__' of attributeSetter object at 0x1479c6b38>, gamma=None, gammaErrorPolicy='raise', lms=UNKNOWN, monitor=<psychopy.monitors.calibTools.Monitor object at 0x146264da0>, multiSample=False, name='window1', numSamples=2, pos=[0.0, 0.0], screen=0, size=array([1440,  900]), stencilBits=0, stereo=False, units='height', useFBO=True, useRetina=False, viewOri=0.0, viewPos=None, viewScale=None, waitBlanking=True, winType='pyglet')
10.5275 	EXP 	window1: mouseVisible = True
10.5276 	EXP 	window1: recordFrameIntervals = False
10.6932 	EXP 	window1: recordFrameIntervals = True
10.8754 	EXP 	window1: recordFrameIntervals = False
11.3120 	EXP 	window1: mouseVisible = True
11.3282 	EXP 	Created Instr1 = TextStim(__class__=<class 'psychopy.visual.text.TextStim'>, alignHoriz=method-wrapper(...), alignText='center', alignVert=method-wrapper(...), anchorHoriz='center', anchorVert='center', antialias=True, autoLog=True, bold=False, color=array([-1., -1., -1.]), colorSpace='rgb', contrast=1.0, depth=0.0, flipHoriz=False, flipVert=False, font='Open Sans', fontFiles=[], height=0.04, italic=False, languageStyle='LTR', name='Instr1', opacity=1, ori=0.0, pos=array([0., 0.]), rgb=UNKNOWN, text='', units='height', win=Window(...), wrapWidth=1)
11.3498 	EXP 	Created fixcross1 = ShapeStim(__class__=<class 'psychopy.visual.shape.ShapeStim'>, autoDraw=False, autoLog=True, closeShape=True, color=method-wrapper(...), colorSpace='rgb', contrast=None, depth=0.0, fillColor=array([-1., -1., -1.]), fillColorSpace='rgb', fillRGB=array([-1., -1., -1.]), interpolate=True, lineColor=array([1., 1., 1.]), lineColorSpace='rgb', lineRGB=array([1, 1, 1]), lineWidth=1.0, name='fixcross1', opacity=1, ori=0.0, pos=array([0., 0.]), size=array([0.1, 0.1]), units='height', vertices=ndarray(...), win=Window(...), windingRule=None)
11.3512 	EXP 	Created PracticeText = TextStim(__class__=<class 'psychopy.visual.text.TextStim'>, alignHoriz=method-wrapper(...), alignText='center', alignVert=method-wrapper(...), anchorHoriz='center', anchorVert='center', antialias=True, autoLog=True, bold=False, color=array([-1., -1., -1.]), colorSpace='rgb', contrast=1.0, depth=-1.0, flipHoriz=False, flipVert=False, font='Open Sans', fontFiles=[], height=0.05, italic=False, languageStyle='LTR', name='PracticeText', opacity=1, ori=0.0, pos=array([0., 0.]), rgb=UNKNOWN, text='', units='height', win=Window(...), wrapWidth=1)
11.3812 	EXP 	Sound scaretone set volume 1.000
11.4387 	EXP 	Created FTrue = TextStim(__class__=<class 'psychopy.visual.text.TextStim'>, alignHoriz=method-wrapper(...), alignText='center', alignVert=method-wrapper(...), anchorHoriz='center', anchorVert='center', antialias=True, autoLog=True, bold=False, color=array([-1., -1., -1.]), colorSpace='rgb', contrast=1.0, depth=-4.0, flipHoriz=False, flipVert=False, font='Open Sans', fontFiles=[], height=0.06, italic=False, languageStyle='LTR', name='FTrue', opacity=1, ori=0.0, pos=array([-0.5,  0.3]), rgb=UNKNOWN, text='F=TRUE', units='height', win=Window(...), wrapWidth=1)
11.4455 	EXP 	Created JFALSE = TextStim(__class__=<class 'psychopy.visual.text.TextStim'>, alignHoriz=method-wrapper(...), alignText='center', alignVert=method-wrapper(...), anchorHoriz='center', anchorVert='center', antialias=True, autoLog=True, bold=False, color=array([-1., -1., -1.]), colorSpace='rgb', contrast=1.0, depth=-5.0, flipHoriz=False, flipVert=False, font='Open Sans', fontFiles=[], height=0.06, italic=False, languageStyle='LTR', name='JFALSE', opacity=1, ori=0.0, pos=array([0.5, 0.3]), rgb=UNKNOWN, text='J=FALSE', units='height', win=Window(...), wrapWidth=1)
11.4915 	EXP 	Created text = TextStim(__class__=<class 'psychopy.visual.text.TextStim'>, alignHoriz=method-wrapper(...), alignText='center', alignVert=method-wrapper(...), anchorHoriz='center', anchorVert='center', antialias=True, autoLog=True, bold=False, color=array([-1., -1., -1.]), colorSpace='rgb', contrast=1.0, depth=0.0, flipHoriz=False, flipVert=False, font='Open Sans', fontFiles=[], height=0.05, italic=False, languageStyle='LTR', name='text', opacity=1, ori=0.0, pos=array([0., 0.]), rgb=UNKNOWN, text=str(...), units='height', win=Window(...), wrapWidth=1)
11.5109 	EXP 	Created fixcross = ShapeStim(__class__=<class 'psychopy.visual.shape.ShapeStim'>, autoDraw=False, autoLog=True, closeShape=True, color=method-wrapper(...), colorSpace='rgb', contrast=None, depth=0.0, fillColor=array([-1., -1., -1.]), fillColorSpace='rgb', fillRGB=array([-1., -1., -1.]), interpolate=True, lineColor=array([1., 1., 1.]), lineColorSpace='rgb', lineRGB=array([1, 1, 1]), lineWidth=1.0, name='fixcross', opacity=1, ori=0.0, pos=array([0., 0.]), size=array([0.1, 0.1]), units='height', vertices=ndarray(...), win=Window(...), windingRule=None)
11.5123 	EXP 	Created Fasttext = TextStim(__class__=<class 'psychopy.visual.text.TextStim'>, alignHoriz=method-wrapper(...), alignText='center', alignVert=method-wrapper(...), anchorHoriz='center', anchorVert='center', antialias=True, autoLog=True, bold=False, color=array([-1., -1., -1.]), colorSpace='rgb', contrast=1.0, depth=-1.0, flipHoriz=False, flipVert=False, font='Open Sans', fontFiles=[], height=0.05, italic=False, languageStyle='LTR', name='Fasttext', opacity=1, ori=0.0, pos=array([0., 0.]), rgb=UNKNOWN, text='', units='height', win=Window(...), wrapWidth=1)
11.5244 	EXP 	Sound Timer set volume 1.000
11.5564 	EXP 	Created EndStudyText = TextStim(__class__=<class 'psychopy.visual.text.TextStim'>, alignHoriz=method-wrapper(...), alignText='center', alignVert=method-wrapper(...), anchorHoriz='center', anchorVert='center', antialias=True, autoLog=True, bold=False, color=array([-1., -1., -1.]), colorSpace='rgb', contrast=1.0, depth=0.0, flipHoriz=False, flipVert=False, font='Open Sans', fontFiles=[], height=0.1, italic=False, languageStyle='LTR', name='EndStudyText', opacity=1, ori=0.0, pos=array([0., 0.]), rgb=UNKNOWN, text=str(...), units='height', win=Window(...), wrapWidth=1)
11.5679 	EXP 	window1: mouseVisible = False
11.5809 	EXP 	Imported SpeededInstructionsSheet.xlsx as conditions, 5 conditions, 1 params
11.5816 	EXP 	Created sequence: sequential, trialTypes=5, nReps=1, seed=None
11.5819 	EXP 	New trial (rep=0, index=0): {'FastInstructions': 'You will be shown a total of 80 statements pertaining to mathematics, science, and social concepts. Your task is to determine whether each statement is true or false as quickly as possible without sacrificing accuracy. Some statements will be difficult and some will be easier.  We do not expect you to know the correct answer for all 80 statements.  Press F to Continue'}
11.6430 	EXP 	Instr1: text = 'You will be shown a total of 80 statements pertaining to mathematics, science, and social concepts. Your task is to determine whether each statement is true or false as quickly as possible without sacrificing accuracy. Some statements will be difficult and some will be easier.  We do not expect you to know the correct answer for all 80 statements.  Press F to Continue'
11.6430 	EXP 	Instr1: autoDraw = True
12.8796 	EXP 	New trial (rep=0, index=1): {'FastInstructions': 'Each statement will appear on your screen for 5 seconds and you will have those 5 seconds to decide if it is true or false before the next statement appears. There will be a beep to inform you that you have 2 seconds remaining. If you do not respond, that answer will be considered incorrect and the task will move on to the next statement. Press F to continue'}
12.9211 	DATA 	Keypress: f
12.9417 	EXP 	Instr1: autoDraw = False
12.9417 	EXP 	Instr1: text = 'Each statement will appear on your screen for 5 seconds and you will have those 5 seconds to decide if it is true or false before the next statement appears. There will be a beep to inform you that you have 2 seconds remaining. If you do not respond, that answer will be considered incorrect and the task will move on to the next statement. Press F to continue'
12.9417 	EXP 	Instr1: autoDraw = True
13.1934 	EXP 	New trial (rep=0, index=2): {'FastInstructions': 'If the statement is true, you will press the “F” key on your keyboard with your left pointer finger; if the statement is false, you will press the “J” key on your keyboard with your right pointer finger. Press F to continue'}
13.2180 	DATA 	Keypress: f
13.2253 	EXP 	Instr1: autoDraw = False
13.2253 	EXP 	Instr1: text = 'If the statement is true, you will press the “F” key on your keyboard with your left pointer finger; if the statement is false, you will press the “J” key on your keyboard with your right pointer finger. Press F to continue'
13.2253 	EXP 	Instr1: autoDraw = True
13.3943 	EXP 	New trial (rep=0, index=3): {'FastInstructions': "Prior to completing the study, you will complete 10 practice trials to familiarize yourself with the task. Your performance on these trials will determine your participation in the following study. Press 'F' to continue."}
13.4170 	DATA 	Keypress: f
13.4260 	EXP 	Instr1: autoDraw = False
13.4260 	EXP 	Instr1: text = "Prior to completing the study, you will complete 10 practice trials to familiarize yourself with the task. Your performance on these trials will determine your participation in the following study. Press 'F' to continue."
13.4260 	EXP 	Instr1: autoDraw = True
13.5614 	EXP 	New trial (rep=0, index=4): {'FastInstructions': 'If the statement is true, press the “F” key on your keyboard with your left pointer finger; if the statement is false, press the “J” key on your keyboard with your right pointer finger. Press F to continue'}
13.5767 	DATA 	Keypress: f
13.5931 	EXP 	Instr1: autoDraw = False
13.5931 	EXP 	Instr1: text = 'If the statement is true, press the “F” key on your keyboard with your left pointer finger; if the statement is false, press the “J” key on your keyboard with your right pointer finger. Press F to continue'
13.5931 	EXP 	Instr1: autoDraw = True
13.7832 	EXP 	Imported InfinityThesisPracticeFast.xlsx as conditions, 10 conditions, 2 params
13.7840 	EXP 	Created sequence: random, trialTypes=10, nReps=1, seed=None
13.7844 	EXP 	New trial (rep=0, index=0): {'practicetext': 'Humans cannot eat food', 'practicecorrect': 'j'}
13.8060 	DATA 	Keypress: f
13.8269 	EXP 	Instr1: autoDraw = False
13.8269 	EXP 	PracticeText: text = 'Humans cannot eat food'
13.8269 	EXP 	fixcross1: autoDraw = True
13.8421 	EXP 	FTrue: autoDraw = True
13.8421 	EXP 	JFALSE: autoDraw = True
14.2757 	EXP 	fixcross1: autoDraw = False
14.2924 	EXP 	PracticeText: autoDraw = True
19.7935 	EXP 	PracticeText: autoDraw = False
21.8974 	DATA 	Keypress: f
22.0471 	DATA 	Keypress: f
22.2147 	DATA 	Keypress: f
22.7300 	DATA 	Keypress: f
23.8292 	EXP 	New trial (rep=0, index=1): {'practicetext': 'Magenta is a color', 'practicecorrect': 'f'}
23.8439 	EXP 	FTrue: autoDraw = False
23.8439 	EXP 	JFALSE: autoDraw = False
23.8439 	EXP 	fixcross1: autoDraw = False
23.8439 	EXP 	PracticeText: autoDraw = False
23.8439 	EXP 	FTrue: autoDraw = False
23.8439 	EXP 	JFALSE: autoDraw = False
23.8439 	EXP 	PracticeText: text = 'Magenta is a color'
23.8439 	EXP 	fixcross1: autoDraw = True
23.8931 	EXP 	FTrue: autoDraw = True
23.8931 	EXP 	JFALSE: autoDraw = True
24.2939 	EXP 	fixcross1: autoDraw = False
24.3435 	EXP 	PracticeText: autoDraw = True
24.6453 	EXP 	New trial (rep=0, index=2): {'practicetext': 'Dinosaurs are extinct', 'practicecorrect': 'f'}
24.6539 	DATA 	Keypress: f
24.6602 	EXP 	fixcross1: autoDraw = False
24.6602 	EXP 	PracticeText: autoDraw = False
24.6602 	EXP 	FTrue: autoDraw = False
24.6602 	EXP 	JFALSE: autoDraw = False
24.6602 	EXP 	PracticeText: text = 'Dinosaurs are extinct'
24.6602 	EXP 	fixcross1: autoDraw = True
24.6932 	EXP 	FTrue: autoDraw = True
24.6932 	EXP 	JFALSE: autoDraw = True
25.0156 	DATA 	Keypress: f
25.1100 	EXP 	fixcross1: autoDraw = False
25.1439 	EXP 	PracticeText: autoDraw = True
25.4952 	EXP 	New trial (rep=0, index=3): {'practicetext': 'Humans cannot breathe water', 'practicecorrect': 'f'}
25.5042 	DATA 	Keypress: f
25.5102 	EXP 	fixcross1: autoDraw = False
25.5102 	EXP 	PracticeText: autoDraw = False
25.5102 	EXP 	FTrue: autoDraw = False
25.5102 	EXP 	JFALSE: autoDraw = False
25.5102 	EXP 	PracticeText: text = 'Humans cannot breathe water'
25.5102 	EXP 	fixcross1: autoDraw = True
25.5442 	EXP 	FTrue: autoDraw = True
25.5442 	EXP 	JFALSE: autoDraw = True
25.9604 	EXP 	fixcross1: autoDraw = False
25.9945 	EXP 	PracticeText: autoDraw = True
26.1973 	DATA 	Keypress: escape
26.6824 	EXP 	window1: mouseVisible = True
