1.6173 	WARNING 	We strongly recommend you activate the PTB sound engine in PsychoPy prefs as the preferred audio engine. Its timing is vastly superior. Your prefs are currently set to use ['sounddevice', 'PTB', 'pyo', 'pygame'] (in that order).
11.5551 	EXP 	Created window1 = Window(allowGUI=False, allowStencil=False, autoLog=True, backendConf=UNKNOWN, bitsMode=UNKNOWN, blendMode='avg', bpc=(8, 8, 8), color=array([1., 1., 1.]), colorSpace='rgb', depthBits=8, fullscr=<method-wrapper '__getattribute__' of attributeSetter object at 0x14cc46b00>, gamma=None, gammaErrorPolicy='raise', lms=UNKNOWN, monitor=<psychopy.monitors.calibTools.Monitor object at 0x14b4e0e10>, multiSample=False, name='window1', numSamples=2, pos=[0.0, 0.0], screen=0, size=array([1440,  900]), stencilBits=0, stereo=False, units='height', useFBO=True, useRetina=False, viewOri=0.0, viewPos=None, viewScale=None, waitBlanking=True, winType='pyglet')
11.5553 	EXP 	window1: mouseVisible = True
11.5554 	EXP 	window1: recordFrameIntervals = False
11.7208 	EXP 	window1: recordFrameIntervals = True
11.9031 	EXP 	window1: recordFrameIntervals = False
12.3724 	EXP 	window1: mouseVisible = True
12.3862 	EXP 	Created Instr1 = TextStim(__class__=<class 'psychopy.visual.text.TextStim'>, alignHoriz=method-wrapper(...), alignText='center', alignVert=method-wrapper(...), anchorHoriz='center', anchorVert='center', antialias=True, autoLog=True, bold=False, color=array([-1., -1., -1.]), colorSpace='rgb', contrast=1.0, depth=0.0, flipHoriz=False, flipVert=False, font='Open Sans', fontFiles=[], height=0.04, italic=False, languageStyle='LTR', name='Instr1', opacity=1, ori=0.0, pos=array([0., 0.]), rgb=UNKNOWN, text='', units='height', win=Window(...), wrapWidth=1)
12.4082 	EXP 	Created fixcross1 = ShapeStim(__class__=<class 'psychopy.visual.shape.ShapeStim'>, autoDraw=False, autoLog=True, closeShape=True, color=method-wrapper(...), colorSpace='rgb', contrast=None, depth=0.0, fillColor=array([-1., -1., -1.]), fillColorSpace='rgb', fillRGB=array([-1., -1., -1.]), interpolate=True, lineColor=array([1., 1., 1.]), lineColorSpace='rgb', lineRGB=array([1, 1, 1]), lineWidth=1.0, name='fixcross1', opacity=1, ori=0.0, pos=array([0., 0.]), size=array([0.1, 0.1]), units='height', vertices=ndarray(...), win=Window(...), windingRule=None)
12.4096 	EXP 	Created PracticeText = TextStim(__class__=<class 'psychopy.visual.text.TextStim'>, alignHoriz=method-wrapper(...), alignText='center', alignVert=method-wrapper(...), anchorHoriz='center', anchorVert='center', antialias=True, autoLog=True, bold=False, color=array([-1., -1., -1.]), colorSpace='rgb', contrast=1.0, depth=-1.0, flipHoriz=False, flipVert=False, font='Open Sans', fontFiles=[], height=0.05, italic=False, languageStyle='LTR', name='PracticeText', opacity=1, ori=0.0, pos=array([0., 0.]), rgb=UNKNOWN, text='', units='height', win=Window(...), wrapWidth=1)
12.4374 	EXP 	Sound scaretone set volume 1.000
12.4928 	EXP 	Created FTrue = TextStim(__class__=<class 'psychopy.visual.text.TextStim'>, alignHoriz=method-wrapper(...), alignText='center', alignVert=method-wrapper(...), anchorHoriz='center', anchorVert='center', antialias=True, autoLog=True, bold=False, color=array([-1., -1., -1.]), colorSpace='rgb', contrast=1.0, depth=-4.0, flipHoriz=False, flipVert=False, font='Open Sans', fontFiles=[], height=0.06, italic=False, languageStyle='LTR', name='FTrue', opacity=1, ori=0.0, pos=array([-0.5,  0.3]), rgb=UNKNOWN, text='F=TRUE', units='height', win=Window(...), wrapWidth=1)
12.4992 	EXP 	Created JFALSE = TextStim(__class__=<class 'psychopy.visual.text.TextStim'>, alignHoriz=method-wrapper(...), alignText='center', alignVert=method-wrapper(...), anchorHoriz='center', anchorVert='center', antialias=True, autoLog=True, bold=False, color=array([-1., -1., -1.]), colorSpace='rgb', contrast=1.0, depth=-5.0, flipHoriz=False, flipVert=False, font='Open Sans', fontFiles=[], height=0.06, italic=False, languageStyle='LTR', name='JFALSE', opacity=1, ori=0.0, pos=array([0.05, 0.3 ]), rgb=UNKNOWN, text='J=FALSE', units='height', win=Window(...), wrapWidth=1)
12.5383 	EXP 	Created text = TextStim(__class__=<class 'psychopy.visual.text.TextStim'>, alignHoriz=method-wrapper(...), alignText='center', alignVert=method-wrapper(...), anchorHoriz='center', anchorVert='center', antialias=True, autoLog=True, bold=False, color=array([-1., -1., -1.]), colorSpace='rgb', contrast=1.0, depth=0.0, flipHoriz=False, flipVert=False, font='Open Sans', fontFiles=[], height=0.05, italic=False, languageStyle='LTR', name='text', opacity=1, ori=0.0, pos=array([0., 0.]), rgb=UNKNOWN, text=str(...), units='height', win=Window(...), wrapWidth=1)
12.5614 	EXP 	Created fixcross = ShapeStim(__class__=<class 'psychopy.visual.shape.ShapeStim'>, autoDraw=False, autoLog=True, closeShape=True, color=method-wrapper(...), colorSpace='rgb', contrast=None, depth=0.0, fillColor=array([-1., -1., -1.]), fillColorSpace='rgb', fillRGB=array([-1., -1., -1.]), interpolate=True, lineColor=array([1., 1., 1.]), lineColorSpace='rgb', lineRGB=array([1, 1, 1]), lineWidth=1.0, name='fixcross', opacity=1, ori=0.0, pos=array([0., 0.]), size=array([0.1, 0.1]), units='height', vertices=ndarray(...), win=Window(...), windingRule=None)
12.5627 	EXP 	Created Fasttext = TextStim(__class__=<class 'psychopy.visual.text.TextStim'>, alignHoriz=method-wrapper(...), alignText='center', alignVert=method-wrapper(...), anchorHoriz='center', anchorVert='center', antialias=True, autoLog=True, bold=False, color=array([-1., -1., -1.]), colorSpace='rgb', contrast=1.0, depth=-1.0, flipHoriz=False, flipVert=False, font='Open Sans', fontFiles=[], height=0.05, italic=False, languageStyle='LTR', name='Fasttext', opacity=1, ori=0.0, pos=array([0., 0.]), rgb=UNKNOWN, text='', units='height', win=Window(...), wrapWidth=1)
12.5743 	EXP 	Sound Timer set volume 1.000
12.6058 	EXP 	Created EndStudyText = TextStim(__class__=<class 'psychopy.visual.text.TextStim'>, alignHoriz=method-wrapper(...), alignText='center', alignVert=method-wrapper(...), anchorHoriz='center', anchorVert='center', antialias=True, autoLog=True, bold=False, color=array([-1., -1., -1.]), colorSpace='rgb', contrast=1.0, depth=0.0, flipHoriz=False, flipVert=False, font='Open Sans', fontFiles=[], height=0.1, italic=False, languageStyle='LTR', name='EndStudyText', opacity=1, ori=0.0, pos=array([0., 0.]), rgb=UNKNOWN, text=str(...), units='height', win=Window(...), wrapWidth=1)
12.6176 	EXP 	window1: mouseVisible = False
12.6309 	EXP 	Imported SpeededInstructionsSheet.xlsx as conditions, 5 conditions, 1 params
12.6317 	EXP 	Created sequence: sequential, trialTypes=5, nReps=1, seed=None
12.6322 	EXP 	New trial (rep=0, index=0): {'FastInstructions': 'You will be shown a total of 80 statements pertaining to mathematics, science, and social concepts. Your task is to determine whether each statement is true or false as quickly as possible without sacrificing accuracy. Some statements will be difficult and some will be easier.  We do not expect you to know the correct answer for all 80 statements.  Press F to Continue'}
12.7028 	EXP 	Instr1: text = 'You will be shown a total of 80 statements pertaining to mathematics, science, and social concepts. Your task is to determine whether each statement is true or false as quickly as possible without sacrificing accuracy. Some statements will be difficult and some will be easier.  We do not expect you to know the correct answer for all 80 statements.  Press F to Continue'
12.7028 	EXP 	Instr1: autoDraw = True
13.8257 	DATA 	Keypress: e
14.6238 	EXP 	New trial (rep=0, index=1): {'FastInstructions': 'Each statement will appear on your screen for 5 seconds and you will have those 5 seconds to decide if it is true or false before the next statement appears. There will be a beep to inform you that you have 2 seconds remaining. If you do not respond, that answer will be considered incorrect and the task will move on to the next statement. Press F to continue'}
14.6614 	DATA 	Keypress: f
14.6701 	EXP 	Instr1: autoDraw = False
14.6701 	EXP 	Instr1: text = 'Each statement will appear on your screen for 5 seconds and you will have those 5 seconds to decide if it is true or false before the next statement appears. There will be a beep to inform you that you have 2 seconds remaining. If you do not respond, that answer will be considered incorrect and the task will move on to the next statement. Press F to continue'
14.6701 	EXP 	Instr1: autoDraw = True
15.0214 	EXP 	New trial (rep=0, index=2): {'FastInstructions': 'If the statement is true, you will press the “F” key on your keyboard with your left pointer finger; if the statement is false, you will press the “J” key on your keyboard with your right pointer finger. Press F to continue'}
15.0449 	DATA 	Keypress: f
15.0535 	EXP 	Instr1: autoDraw = False
15.0535 	EXP 	Instr1: text = 'If the statement is true, you will press the “F” key on your keyboard with your left pointer finger; if the statement is false, you will press the “J” key on your keyboard with your right pointer finger. Press F to continue'
15.0535 	EXP 	Instr1: autoDraw = True
15.3052 	EXP 	New trial (rep=0, index=3): {'FastInstructions': "Prior to completing the study, you will complete 10 practice trials to familiarize yourself with the task. Your performance on these trials will determine your participation in the following study. Press 'F' to continue."}
15.3246 	DATA 	Keypress: f
15.3361 	EXP 	Instr1: autoDraw = False
15.3361 	EXP 	Instr1: text = "Prior to completing the study, you will complete 10 practice trials to familiarize yourself with the task. Your performance on these trials will determine your participation in the following study. Press 'F' to continue."
15.3361 	EXP 	Instr1: autoDraw = True
15.6053 	EXP 	New trial (rep=0, index=4): {'FastInstructions': 'If the statement is true, press the “F” key on your keyboard with your left pointer finger; if the statement is false, press the “J” key on your keyboard with your right pointer finger. Press F to continue'}
15.6203 	DATA 	Keypress: f
15.6375 	EXP 	Instr1: autoDraw = False
15.6375 	EXP 	Instr1: text = 'If the statement is true, press the “F” key on your keyboard with your left pointer finger; if the statement is false, press the “J” key on your keyboard with your right pointer finger. Press F to continue'
15.6375 	EXP 	Instr1: autoDraw = True
15.9479 	EXP 	Imported InfinityThesisPracticeFast.xlsx as conditions, 10 conditions, 2 params
15.9490 	EXP 	Created sequence: random, trialTypes=10, nReps=1, seed=None
15.9497 	EXP 	New trial (rep=0, index=0): {'practicetext': 'Dinosaurs are extinct', 'practicecorrect': 'f'}
15.9803 	DATA 	Keypress: f
15.9877 	EXP 	Instr1: autoDraw = False
15.9877 	EXP 	PracticeText: text = 'Dinosaurs are extinct'
15.9877 	EXP 	fixcross1: autoDraw = True
16.0035 	EXP 	FTrue: autoDraw = True
16.0035 	EXP 	JFALSE: autoDraw = True
16.4533 	EXP 	fixcross1: autoDraw = False
16.4702 	EXP 	PracticeText: autoDraw = True
21.9716 	EXP 	PracticeText: autoDraw = False
25.0760 	DATA 	Keypress: escape
25.5824 	EXP 	window1: mouseVisible = True
