2.4133 	WARNING 	We strongly recommend you activate the PTB sound engine in PsychoPy prefs as the preferred audio engine. Its timing is vastly superior. Your prefs are currently set to use ['sounddevice', 'PTB', 'pyo', 'pygame'] (in that order).
12.7821 	EXP 	Created window1 = Window(allowGUI=False, allowStencil=False, autoLog=True, backendConf=UNKNOWN, bitsMode=UNKNOWN, blendMode='avg', bpc=(8, 8, 8), color=array([1., 1., 1.]), colorSpace='rgb', depthBits=8, fullscr=<method-wrapper '__getattribute__' of attributeSetter object at 0x147820b00>, gamma=None, gammaErrorPolicy='raise', lms=UNKNOWN, monitor=<psychopy.monitors.calibTools.Monitor object at 0x1460bee10>, multiSample=False, name='window1', numSamples=2, pos=[0.0, 0.0], screen=0, size=array([1440,  900]), stencilBits=0, stereo=False, units='height', useFBO=True, useRetina=False, viewOri=0.0, viewPos=None, viewScale=None, waitBlanking=True, winType='pyglet')
12.7825 	EXP 	window1: mouseVisible = True
12.7825 	EXP 	window1: recordFrameIntervals = False
12.9473 	EXP 	window1: recordFrameIntervals = True
13.1304 	EXP 	window1: recordFrameIntervals = False
14.0398 	EXP 	window1: mouseVisible = True
14.0593 	EXP 	Created Instr1 = TextStim(__class__=<class 'psychopy.visual.text.TextStim'>, alignHoriz=method-wrapper(...), alignText='center', alignVert=method-wrapper(...), anchorHoriz='center', anchorVert='center', antialias=True, autoLog=True, bold=False, color=array([-1., -1., -1.]), colorSpace='rgb', contrast=1.0, depth=0.0, flipHoriz=False, flipVert=False, font='Open Sans', fontFiles=[], height=0.04, italic=False, languageStyle='LTR', name='Instr1', opacity=1, ori=0.0, pos=array([0., 0.]), rgb=UNKNOWN, text='', units='height', win=Window(...), wrapWidth=1)
14.0832 	EXP 	Created fixcross1 = ShapeStim(__class__=<class 'psychopy.visual.shape.ShapeStim'>, autoDraw=False, autoLog=True, closeShape=True, color=method-wrapper(...), colorSpace='rgb', contrast=None, depth=0.0, fillColor=array([-1., -1., -1.]), fillColorSpace='rgb', fillRGB=array([-1., -1., -1.]), interpolate=True, lineColor=array([1., 1., 1.]), lineColorSpace='rgb', lineRGB=array([1, 1, 1]), lineWidth=1.0, name='fixcross1', opacity=1, ori=0.0, pos=array([0., 0.]), size=array([0.1, 0.1]), units='height', vertices=ndarray(...), win=Window(...), windingRule=None)
14.0846 	EXP 	Created PracticeText = TextStim(__class__=<class 'psychopy.visual.text.TextStim'>, alignHoriz=method-wrapper(...), alignText='center', alignVert=method-wrapper(...), anchorHoriz='center', anchorVert='center', antialias=True, autoLog=True, bold=False, color=array([-1., -1., -1.]), colorSpace='rgb', contrast=1.0, depth=-1.0, flipHoriz=False, flipVert=False, font='Open Sans', fontFiles=[], height=0.05, italic=False, languageStyle='LTR', name='PracticeText', opacity=1, ori=0.0, pos=array([0., 0.]), rgb=UNKNOWN, text='', units='height', win=Window(...), wrapWidth=1)
14.1211 	EXP 	Sound scaretone set volume 1.000
14.1758 	EXP 	Created FTrue = TextStim(__class__=<class 'psychopy.visual.text.TextStim'>, alignHoriz=method-wrapper(...), alignText='center', alignVert=method-wrapper(...), anchorHoriz='center', anchorVert='center', antialias=True, autoLog=True, bold=False, color=array([-1., -1., -1.]), colorSpace='rgb', contrast=1.0, depth=-4.0, flipHoriz=False, flipVert=False, font='Open Sans', fontFiles=[], height=0.06, italic=False, languageStyle='LTR', name='FTrue', opacity=1, ori=0.0, pos=array([-0.5,  0.3]), rgb=UNKNOWN, text='F=TRUE', units='height', win=Window(...), wrapWidth=1)
14.1829 	EXP 	Created JFALSE = TextStim(__class__=<class 'psychopy.visual.text.TextStim'>, alignHoriz=method-wrapper(...), alignText='center', alignVert=method-wrapper(...), anchorHoriz='center', anchorVert='center', antialias=True, autoLog=True, bold=False, color=array([-1., -1., -1.]), colorSpace='rgb', contrast=1.0, depth=-5.0, flipHoriz=False, flipVert=False, font='Open Sans', fontFiles=[], height=0.06, italic=False, languageStyle='LTR', name='JFALSE', opacity=1, ori=0.0, pos=array([-0.05,  0.3 ]), rgb=UNKNOWN, text='J=FALSE', units='height', win=Window(...), wrapWidth=1)
14.2274 	EXP 	Created text = TextStim(__class__=<class 'psychopy.visual.text.TextStim'>, alignHoriz=method-wrapper(...), alignText='center', alignVert=method-wrapper(...), anchorHoriz='center', anchorVert='center', antialias=True, autoLog=True, bold=False, color=array([-1., -1., -1.]), colorSpace='rgb', contrast=1.0, depth=0.0, flipHoriz=False, flipVert=False, font='Open Sans', fontFiles=[], height=0.05, italic=False, languageStyle='LTR', name='text', opacity=1, ori=0.0, pos=array([0., 0.]), rgb=UNKNOWN, text=str(...), units='height', win=Window(...), wrapWidth=1)
14.2540 	EXP 	Created fixcross = ShapeStim(__class__=<class 'psychopy.visual.shape.ShapeStim'>, autoDraw=False, autoLog=True, closeShape=True, color=method-wrapper(...), colorSpace='rgb', contrast=None, depth=0.0, fillColor=array([-1., -1., -1.]), fillColorSpace='rgb', fillRGB=array([-1., -1., -1.]), interpolate=True, lineColor=array([1., 1., 1.]), lineColorSpace='rgb', lineRGB=array([1, 1, 1]), lineWidth=1.0, name='fixcross', opacity=1, ori=0.0, pos=array([0., 0.]), size=array([0.1, 0.1]), units='height', vertices=ndarray(...), win=Window(...), windingRule=None)
14.2554 	EXP 	Created Fasttext = TextStim(__class__=<class 'psychopy.visual.text.TextStim'>, alignHoriz=method-wrapper(...), alignText='center', alignVert=method-wrapper(...), anchorHoriz='center', anchorVert='center', antialias=True, autoLog=True, bold=False, color=array([-1., -1., -1.]), colorSpace='rgb', contrast=1.0, depth=-1.0, flipHoriz=False, flipVert=False, font='Open Sans', fontFiles=[], height=0.05, italic=False, languageStyle='LTR', name='Fasttext', opacity=1, ori=0.0, pos=array([0., 0.]), rgb=UNKNOWN, text='', units='height', win=Window(...), wrapWidth=1)
14.2689 	EXP 	Sound Timer set volume 1.000
14.3017 	EXP 	Created EndStudyText = TextStim(__class__=<class 'psychopy.visual.text.TextStim'>, alignHoriz=method-wrapper(...), alignText='center', alignVert=method-wrapper(...), anchorHoriz='center', anchorVert='center', antialias=True, autoLog=True, bold=False, color=array([-1., -1., -1.]), colorSpace='rgb', contrast=1.0, depth=0.0, flipHoriz=False, flipVert=False, font='Open Sans', fontFiles=[], height=0.1, italic=False, languageStyle='LTR', name='EndStudyText', opacity=1, ori=0.0, pos=array([0., 0.]), rgb=UNKNOWN, text=str(...), units='height', win=Window(...), wrapWidth=1)
14.3156 	EXP 	window1: mouseVisible = False
14.3353 	EXP 	Imported SpeededInstructionsSheet.xlsx as conditions, 5 conditions, 1 params
14.3361 	EXP 	Created sequence: sequential, trialTypes=5, nReps=1, seed=None
14.3364 	EXP 	New trial (rep=0, index=0): {'FastInstructions': 'You will be shown a total of 80 statements pertaining to mathematics, science, and social concepts. Your task is to determine whether each statement is true or false as quickly as possible without sacrificing accuracy. Some statements will be difficult and some will be easier.  We do not expect you to know the correct answer for all 80 statements.  Press F to Continue'}
14.4141 	EXP 	Instr1: text = 'You will be shown a total of 80 statements pertaining to mathematics, science, and social concepts. Your task is to determine whether each statement is true or false as quickly as possible without sacrificing accuracy. Some statements will be difficult and some will be easier.  We do not expect you to know the correct answer for all 80 statements.  Press F to Continue'
14.4141 	EXP 	Instr1: autoDraw = True
16.1530 	DATA 	Keypress: f
16.6817 	EXP 	New trial (rep=0, index=1): {'FastInstructions': 'Each statement will appear on your screen for 5 seconds and you will have those 5 seconds to decide if it is true or false before the next statement appears. There will be a beep to inform you that you have 2 seconds remaining. If you do not respond, that answer will be considered incorrect and the task will move on to the next statement. Press F to continue'}
16.7143 	DATA 	Keypress: f
16.7292 	EXP 	Instr1: autoDraw = False
16.7292 	EXP 	Instr1: text = 'Each statement will appear on your screen for 5 seconds and you will have those 5 seconds to decide if it is true or false before the next statement appears. There will be a beep to inform you that you have 2 seconds remaining. If you do not respond, that answer will be considered incorrect and the task will move on to the next statement. Press F to continue'
16.7292 	EXP 	Instr1: autoDraw = True
18.0666 	DATA 	Keypress: f
18.4833 	DATA 	Keypress: f
19.0819 	EXP 	New trial (rep=0, index=2): {'FastInstructions': 'If the statement is true, you will press the “F” key on your keyboard with your left pointer finger; if the statement is false, you will press the “J” key on your keyboard with your right pointer finger. Press F to continue'}
19.1119 	DATA 	Keypress: f
19.1294 	EXP 	Instr1: autoDraw = False
19.1294 	EXP 	Instr1: text = 'If the statement is true, you will press the “F” key on your keyboard with your left pointer finger; if the statement is false, you will press the “J” key on your keyboard with your right pointer finger. Press F to continue'
19.1294 	EXP 	Instr1: autoDraw = True
20.3841 	DATA 	Keypress: f
20.8509 	DATA 	Keypress: f
21.2860 	DATA 	Keypress: f
21.2987 	EXP 	New trial (rep=0, index=3): {'FastInstructions': "Prior to completing the study, you will complete 10 practice trials to familiarize yourself with the task. Your performance on these trials will determine your participation in the following study. Press 'F' to continue."}
21.3293 	EXP 	Instr1: autoDraw = False
21.3293 	EXP 	Instr1: text = "Prior to completing the study, you will complete 10 practice trials to familiarize yourself with the task. Your performance on these trials will determine your participation in the following study. Press 'F' to continue."
21.3293 	EXP 	Instr1: autoDraw = True
23.3178 	DATA 	Keypress: f
23.7324 	EXP 	New trial (rep=0, index=4): {'FastInstructions': 'If the statement is true, press the “F” key on your keyboard with your left pointer finger; if the statement is false, press the “J” key on your keyboard with your right pointer finger. Press F to continue'}
23.7599 	DATA 	Keypress: f
23.7800 	EXP 	Instr1: autoDraw = False
23.7800 	EXP 	Instr1: text = 'If the statement is true, press the “F” key on your keyboard with your left pointer finger; if the statement is false, press the “J” key on your keyboard with your right pointer finger. Press F to continue'
23.7800 	EXP 	Instr1: autoDraw = True
25.1352 	DATA 	Keypress: f
25.5682 	DATA 	Keypress: f
26.6015 	DATA 	Keypress: f
26.6500 	EXP 	Imported InfinityThesisPracticeFast.xlsx as conditions, 10 conditions, 2 params
26.6506 	EXP 	Created sequence: random, trialTypes=10, nReps=1, seed=None
26.6510 	EXP 	New trial (rep=0, index=0): {'practicetext': 'A clock is used to tell time', 'practicecorrect': 'f'}
26.6801 	EXP 	Instr1: autoDraw = False
26.6801 	EXP 	PracticeText: text = 'A clock is used to tell time'
26.6801 	EXP 	fixcross1: autoDraw = True
26.7150 	EXP 	FTrue: autoDraw = True
26.7150 	EXP 	JFALSE: autoDraw = True
27.1308 	EXP 	fixcross1: autoDraw = False
27.1640 	EXP 	PracticeText: autoDraw = True
32.6640 	EXP 	PracticeText: autoDraw = False
34.4024 	DATA 	Keypress: escape
34.8997 	EXP 	window1: mouseVisible = True
