2.4800 	WARNING 	We strongly recommend you activate the PTB sound engine in PsychoPy prefs as the preferred audio engine. Its timing is vastly superior. Your prefs are currently set to use ['sounddevice', 'PTB', 'pyo', 'pygame'] (in that order).
14.4506 	EXP 	Created window1 = Window(allowGUI=False, allowStencil=False, autoLog=True, backendConf=UNKNOWN, bitsMode=UNKNOWN, blendMode='avg', bpc=(8, 8, 8), color=array([1., 1., 1.]), colorSpace='rgb', depthBits=8, fullscr=<method-wrapper '__getattribute__' of attributeSetter object at 0x14220abe0>, gamma=None, gammaErrorPolicy='raise', lms=UNKNOWN, monitor=<psychopy.monitors.calibTools.Monitor object at 0x140a75908>, multiSample=False, name='window1', numSamples=2, pos=[0.0, 0.0], screen=0, size=array([1440,  900]), stencilBits=0, stereo=False, units='height', useFBO=True, useRetina=False, viewOri=0.0, viewPos=None, viewScale=None, waitBlanking=True, winType='pyglet')
14.4509 	EXP 	window1: mouseVisible = True
14.4510 	EXP 	window1: recordFrameIntervals = False
14.6128 	EXP 	window1: recordFrameIntervals = True
14.7963 	EXP 	window1: recordFrameIntervals = False
15.7394 	EXP 	window1: mouseVisible = True
15.8713 	EXP 	Created text_3 = TextStim(__class__=<class 'psychopy.visual.text.TextStim'>, alignHoriz=method-wrapper(...), alignText='center', alignVert=method-wrapper(...), anchorHoriz='center', anchorVert='center', antialias=True, autoLog=True, bold=False, color=array([-1., -1., -1.]), colorSpace='rgb', contrast=1.0, depth=0.0, flipHoriz=False, flipVert=False, font='Open Sans', fontFiles=[], height=0.05, italic=False, languageStyle='LTR', name='text_3', opacity=1, ori=0.0, pos=array([0., 0.]), rgb=UNKNOWN, text='Testing if experiment is uploading?', units='height', win=Window(...), wrapWidth=1)
15.9032 	EXP 	Created Instr1 = TextStim(__class__=<class 'psychopy.visual.text.TextStim'>, alignHoriz=method-wrapper(...), alignText='center', alignVert=method-wrapper(...), anchorHoriz='center', anchorVert='center', antialias=True, autoLog=True, bold=False, color=array([-1., -1., -1.]), colorSpace='rgb', contrast=1.0, depth=0.0, flipHoriz=False, flipVert=False, font='Open Sans', fontFiles=[], height=0.04, italic=False, languageStyle='LTR', name='Instr1', opacity=1, ori=0.0, pos=array([0., 0.]), rgb=UNKNOWN, text='', units='height', win=Window(...), wrapWidth=1)
15.9363 	EXP 	Created fixcross1 = ShapeStim(__class__=<class 'psychopy.visual.shape.ShapeStim'>, autoDraw=False, autoLog=True, closeShape=True, color=method-wrapper(...), colorSpace='rgb', contrast=None, depth=0.0, fillColor=array([-1., -1., -1.]), fillColorSpace='rgb', fillRGB=array([-1., -1., -1.]), interpolate=True, lineColor=array([1., 1., 1.]), lineColorSpace='rgb', lineRGB=array([1, 1, 1]), lineWidth=1.0, name='fixcross1', opacity=1, ori=0.0, pos=array([0., 0.]), size=array([0.1, 0.1]), units='height', vertices=ndarray(...), win=Window(...), windingRule=None)
15.9387 	EXP 	Created PracticeText = TextStim(__class__=<class 'psychopy.visual.text.TextStim'>, alignHoriz=method-wrapper(...), alignText='center', alignVert=method-wrapper(...), anchorHoriz='center', anchorVert='center', antialias=True, autoLog=True, bold=False, color=array([-1., -1., -1.]), colorSpace='rgb', contrast=1.0, depth=-1.0, flipHoriz=False, flipVert=False, font='Open Sans', fontFiles=[], height=0.05, italic=False, languageStyle='LTR', name='PracticeText', opacity=1, ori=0.0, pos=array([0., 0.]), rgb=UNKNOWN, text='', units='height', win=Window(...), wrapWidth=1)
16.0312 	EXP 	Sound scaretone set volume 1.000
16.0509 	EXP 	Created FTrue = TextStim(__class__=<class 'psychopy.visual.text.TextStim'>, alignHoriz=method-wrapper(...), alignText='center', alignVert=method-wrapper(...), anchorHoriz='center', anchorVert='center', antialias=True, autoLog=True, bold=False, color=array([-1., -1., -1.]), colorSpace='rgb', contrast=1.0, depth=-4.0, flipHoriz=False, flipVert=False, font='Open Sans', fontFiles=[], height=0.06, italic=False, languageStyle='LTR', name='FTrue', opacity=1, ori=0.0, pos=array([-0.5,  0.3]), rgb=UNKNOWN, text='F=TRUE', units='height', win=Window(...), wrapWidth=1)
16.0662 	EXP 	Created JFALSE = TextStim(__class__=<class 'psychopy.visual.text.TextStim'>, alignHoriz=method-wrapper(...), alignText='center', alignVert=method-wrapper(...), anchorHoriz='center', anchorVert='center', antialias=True, autoLog=True, bold=False, color=array([-1., -1., -1.]), colorSpace='rgb', contrast=1.0, depth=-5.0, flipHoriz=False, flipVert=False, font='Open Sans', fontFiles=[], height=0.06, italic=False, languageStyle='LTR', name='JFALSE', opacity=1, ori=0.0, pos=array([0.5, 0.3]), rgb=UNKNOWN, text='J=FALSE', units='height', win=Window(...), wrapWidth=1)
16.0941 	EXP 	Created Continue = TextStim(__class__=<class 'psychopy.visual.text.TextStim'>, alignHoriz=method-wrapper(...), alignText='center', alignVert=method-wrapper(...), anchorHoriz='center', anchorVert='center', antialias=True, autoLog=True, bold=False, color=array([-1., -1., -1.]), colorSpace='rgb', contrast=1.0, depth=0.0, flipHoriz=False, flipVert=False, font='Open Sans', fontFiles=[], height=0.05, italic=False, languageStyle='LTR', name='Continue', opacity=1, ori=0.0, pos=array([0., 0.]), rgb=UNKNOWN, text='Press Space to Continue', units='height', win=Window(...), wrapWidth=1)
16.1913 	EXP 	Created text = TextStim(__class__=<class 'psychopy.visual.text.TextStim'>, alignHoriz=method-wrapper(...), alignText='center', alignVert=method-wrapper(...), anchorHoriz='center', anchorVert='center', antialias=True, autoLog=True, bold=False, color=array([-1., -1., -1.]), colorSpace='rgb', contrast=1.0, depth=0.0, flipHoriz=False, flipVert=False, font='Open Sans', fontFiles=[], height=0.05, italic=False, languageStyle='LTR', name='text', opacity=1, ori=0.0, pos=array([0., 0.]), rgb=UNKNOWN, text=str(...), units='height', win=Window(...), wrapWidth=1)
16.2174 	EXP 	Created fixcross = ShapeStim(__class__=<class 'psychopy.visual.shape.ShapeStim'>, autoDraw=False, autoLog=True, closeShape=True, color=method-wrapper(...), colorSpace='rgb', contrast=None, depth=0.0, fillColor=array([-1., -1., -1.]), fillColorSpace='rgb', fillRGB=array([-1., -1., -1.]), interpolate=True, lineColor=array([1., 1., 1.]), lineColorSpace='rgb', lineRGB=array([1, 1, 1]), lineWidth=1.0, name='fixcross', opacity=1, ori=0.0, pos=array([0., 0.]), size=array([0.1, 0.1]), units='height', vertices=ndarray(...), win=Window(...), windingRule=None)
16.2196 	EXP 	Created Fasttext = TextStim(__class__=<class 'psychopy.visual.text.TextStim'>, alignHoriz=method-wrapper(...), alignText='center', alignVert=method-wrapper(...), anchorHoriz='center', anchorVert='center', antialias=True, autoLog=True, bold=False, color=array([-1., -1., -1.]), colorSpace='rgb', contrast=1.0, depth=-1.0, flipHoriz=False, flipVert=False, font='Open Sans', fontFiles=[], height=0.05, italic=False, languageStyle='LTR', name='Fasttext', opacity=1, ori=0.0, pos=array([0., 0.]), rgb=UNKNOWN, text='', units='height', win=Window(...), wrapWidth=1)
16.2425 	EXP 	Sound Timer set volume 1.000
16.2550 	EXP 	Created TRUE = TextStim(__class__=<class 'psychopy.visual.text.TextStim'>, alignHoriz=method-wrapper(...), alignText='center', alignVert=method-wrapper(...), anchorHoriz='center', anchorVert='center', antialias=True, autoLog=True, bold=False, color=array([-1., -1., -1.]), colorSpace='rgb', contrast=1.0, depth=-5.0, flipHoriz=False, flipVert=False, font='Open Sans', fontFiles=[], height=0.06, italic=False, languageStyle='LTR', name='TRUE', opacity=1, ori=0.0, pos=array([-0.5,  0.3]), rgb=UNKNOWN, text='F=TRUE', units='height', win=Window(...), wrapWidth=1)
16.2909 	EXP 	Created FALSE = TextStim(__class__=<class 'psychopy.visual.text.TextStim'>, alignHoriz=method-wrapper(...), alignText='center', alignVert=method-wrapper(...), anchorHoriz='center', anchorVert='center', antialias=True, autoLog=True, bold=False, color=array([-1., -1., -1.]), colorSpace='rgb', contrast=1.0, depth=-6.0, flipHoriz=False, flipVert=False, font='Open Sans', fontFiles=[], height=0.06, italic=False, languageStyle='LTR', name='FALSE', opacity=1, ori=0.0, pos=array([0.5, 0.3]), rgb=UNKNOWN, text='J=FALSE', units='height', win=Window(...), wrapWidth=1)
16.3267 	EXP 	Created EncourageText = TextStim(__class__=<class 'psychopy.visual.text.TextStim'>, alignHoriz=method-wrapper(...), alignText='center', alignVert=method-wrapper(...), anchorHoriz='center', anchorVert='center', antialias=True, autoLog=True, bold=False, color=array([-1., -1., -1.]), colorSpace='rgb', contrast=1.0, depth=0.0, flipHoriz=False, flipVert=False, font='Open Sans', fontFiles=[], height=0.05, italic=False, languageStyle='LTR', name='EncourageText', opacity=1, ori=0.0, pos=array([0., 0.]), rgb=UNKNOWN, text=str(...), units='height', win=Window(...), wrapWidth=1)
16.3575 	EXP 	Created Continue = TextStim(__class__=<class 'psychopy.visual.text.TextStim'>, alignHoriz=method-wrapper(...), alignText='center', alignVert=method-wrapper(...), anchorHoriz='center', anchorVert='center', antialias=True, autoLog=True, bold=False, color=array([-1., -1., -1.]), colorSpace='rgb', contrast=1.0, depth=0.0, flipHoriz=False, flipVert=False, font='Open Sans', fontFiles=[], height=0.05, italic=False, languageStyle='LTR', name='Continue', opacity=1, ori=0.0, pos=array([0., 0.]), rgb=UNKNOWN, text='Press Space to Continue', units='height', win=Window(...), wrapWidth=1)
16.4521 	EXP 	Created EndStudyText = TextStim(__class__=<class 'psychopy.visual.text.TextStim'>, alignHoriz=method-wrapper(...), alignText='center', alignVert=method-wrapper(...), anchorHoriz='center', anchorVert='center', antialias=True, autoLog=True, bold=False, color=array([-1., -1., -1.]), colorSpace='rgb', contrast=1.0, depth=0.0, flipHoriz=False, flipVert=False, font='Open Sans', fontFiles=[], height=0.1, italic=False, languageStyle='LTR', name='EndStudyText', opacity=1, ori=0.0, pos=array([0., 0.]), rgb=UNKNOWN, text=str(...), units='height', win=Window(...), wrapWidth=1)
16.4751 	EXP 	window1: mouseVisible = False
16.4967 	EXP 	text_3: autoDraw = True
17.8184 	EXP 	Imported SpeededInstructionsSheet.xlsx as conditions, 5 conditions, 1 params
17.8240 	EXP 	Created sequence: sequential, trialTypes=5, nReps=1, seed=None
17.8247 	EXP 	New trial (rep=0, index=0): {'FastInstructions': 'You will be shown a total of 80 statements pertaining to mathematics, science, and social concepts. Your task is to determine whether each statement is true or false as quickly as possible without sacrificing accuracy. Some statements will be difficult and some will be easier.  We do not expect you to know the correct answer for all 80 statements.  Press SPACE to Continue'}
17.8821 	DATA 	Keypress: space
17.8967 	EXP 	text_3: autoDraw = False
17.8967 	EXP 	Instr1: text = 'You will be shown a total of 80 statements pertaining to mathematics, science, and social concepts. Your task is to determine whether each statement is true or false as quickly as possible without sacrificing accuracy. Some statements will be difficult and some will be easier.  We do not expect you to know the correct answer for all 80 statements.  Press SPACE to Continue'
17.8967 	EXP 	Instr1: autoDraw = True
18.3319 	EXP 	New trial (rep=0, index=1): {'FastInstructions': 'Each statement will appear on your screen for up to 5 seconds and you will have those 5 seconds to decide if it is true or false before the next statement appears. There will be a beep to inform you that you have 2 seconds remaining. If you do not respond, that answer will be considered incorrect and the task will move on to the next statement. Press SPACE to continue'}
18.3770 	DATA 	Keypress: space
18.3968 	EXP 	Instr1: autoDraw = False
18.3968 	EXP 	Instr1: text = 'Each statement will appear on your screen for up to 5 seconds and you will have those 5 seconds to decide if it is true or false before the next statement appears. There will be a beep to inform you that you have 2 seconds remaining. If you do not respond, that answer will be considered incorrect and the task will move on to the next statement. Press SPACE to continue'
18.3968 	EXP 	Instr1: autoDraw = True
18.6982 	EXP 	New trial (rep=0, index=2): {'FastInstructions': 'If the statement is true, you will press the “F” key on your keyboard with your left pointer finger; if the statement is false, you will press the “J” key on your keyboard with your right pointer finger. Press SPACE to continue'}
18.7273 	DATA 	Keypress: space
18.7461 	EXP 	Instr1: autoDraw = False
18.7461 	EXP 	Instr1: text = 'If the statement is true, you will press the “F” key on your keyboard with your left pointer finger; if the statement is false, you will press the “J” key on your keyboard with your right pointer finger. Press SPACE to continue'
18.7461 	EXP 	Instr1: autoDraw = True
19.0307 	EXP 	New trial (rep=0, index=3): {'FastInstructions': 'Prior to completing the study, you will complete 10 practice trials to familiarize yourself with the task. Your performance on these trials will determine your participation in the following study. Press SPACE to continue.'}
19.0514 	DATA 	Keypress: space
19.0631 	EXP 	Instr1: autoDraw = False
19.0631 	EXP 	Instr1: text = 'Prior to completing the study, you will complete 10 practice trials to familiarize yourself with the task. Your performance on these trials will determine your participation in the following study. Press SPACE to continue.'
19.0631 	EXP 	Instr1: autoDraw = True
19.2976 	EXP 	New trial (rep=0, index=4): {'FastInstructions': 'If the statement is true, press the “F” key on your keyboard with your left pointer finger; if the statement is false, press the “J” key on your keyboard with your right pointer finger. Press SPACE to continue'}
19.3170 	DATA 	Keypress: space
19.3297 	EXP 	Instr1: autoDraw = False
19.3297 	EXP 	Instr1: text = 'If the statement is true, press the “F” key on your keyboard with your left pointer finger; if the statement is false, press the “J” key on your keyboard with your right pointer finger. Press SPACE to continue'
19.3297 	EXP 	Instr1: autoDraw = True
20.0342 	DATA 	Keypress: escape
20.5464 	EXP 	window1: mouseVisible = True
