1.7374 	WARNING 	We strongly recommend you activate the PTB sound engine in PsychoPy prefs as the preferred audio engine. Its timing is vastly superior. Your prefs are currently set to use ['sounddevice', 'PTB', 'pyo', 'pygame'] (in that order).
12.1721 	EXP 	Created window1 = Window(allowGUI=False, allowStencil=False, autoLog=True, backendConf=UNKNOWN, bitsMode=UNKNOWN, blendMode='avg', bpc=(8, 8, 8), color=array([1., 1., 1.]), colorSpace='rgb', depthBits=8, fullscr=<method-wrapper '__getattribute__' of attributeSetter object at 0x148b14860>, gamma=None, gammaErrorPolicy='raise', lms=UNKNOWN, monitor=<psychopy.monitors.calibTools.Monitor object at 0x148f38cc0>, multiSample=False, name='window1', numSamples=2, pos=[0.0, 0.0], screen=0, size=array([1440,  900]), stencilBits=0, stereo=False, units='height', useFBO=True, useRetina=False, viewOri=0.0, viewPos=None, viewScale=None, waitBlanking=True, winType='pyglet')
12.1725 	EXP 	window1: mouseVisible = True
12.1726 	EXP 	window1: recordFrameIntervals = False
12.3376 	EXP 	window1: recordFrameIntervals = True
12.5214 	EXP 	window1: recordFrameIntervals = False
12.9662 	EXP 	window1: mouseVisible = True
12.9838 	EXP 	Created Instr1 = TextStim(__class__=<class 'psychopy.visual.text.TextStim'>, alignHoriz=method-wrapper(...), alignText='center', alignVert=method-wrapper(...), anchorHoriz='center', anchorVert='center', antialias=True, autoLog=True, bold=False, color=array([-1., -1., -1.]), colorSpace='rgb', contrast=1.0, depth=0.0, flipHoriz=False, flipVert=False, font='Open Sans', fontFiles=[], height=0.04, italic=False, languageStyle='LTR', name='Instr1', opacity=1, ori=0.0, pos=array([0., 0.]), rgb=UNKNOWN, text='', units='height', win=Window(...), wrapWidth=1)
13.0058 	EXP 	Created fixcross1 = ShapeStim(__class__=<class 'psychopy.visual.shape.ShapeStim'>, autoDraw=False, autoLog=True, closeShape=True, color=method-wrapper(...), colorSpace='rgb', contrast=None, depth=0.0, fillColor=array([-1., -1., -1.]), fillColorSpace='rgb', fillRGB=array([-1., -1., -1.]), interpolate=True, lineColor=array([1., 1., 1.]), lineColorSpace='rgb', lineRGB=array([1, 1, 1]), lineWidth=1.0, name='fixcross1', opacity=1, ori=0.0, pos=array([0., 0.]), size=array([0.1, 0.1]), units='height', vertices=ndarray(...), win=Window(...), windingRule=None)
13.0072 	EXP 	Created PracticeText = TextStim(__class__=<class 'psychopy.visual.text.TextStim'>, alignHoriz=method-wrapper(...), alignText='center', alignVert=method-wrapper(...), anchorHoriz='center', anchorVert='center', antialias=True, autoLog=True, bold=False, color=array([-1., -1., -1.]), colorSpace='rgb', contrast=1.0, depth=-1.0, flipHoriz=False, flipVert=False, font='Open Sans', fontFiles=[], height=0.05, italic=False, languageStyle='LTR', name='PracticeText', opacity=1, ori=0.0, pos=array([0., 0.]), rgb=UNKNOWN, text='', units='height', win=Window(...), wrapWidth=1)
13.0392 	EXP 	Sound scaretone set volume 1.000
13.0986 	EXP 	Created FTrue = TextStim(__class__=<class 'psychopy.visual.text.TextStim'>, alignHoriz=method-wrapper(...), alignText='center', alignVert=method-wrapper(...), anchorHoriz='center', anchorVert='center', antialias=True, autoLog=True, bold=False, color=array([-1., -1., -1.]), colorSpace='rgb', contrast=1.0, depth=-4.0, flipHoriz=False, flipVert=False, font='Open Sans', fontFiles=[], height=0.06, italic=False, languageStyle='LTR', name='FTrue', opacity=1, ori=0.0, pos=array([-0.5,  0.3]), rgb=UNKNOWN, text='F TRUE', units='height', win=Window(...), wrapWidth=1)
13.1347 	EXP 	Created text = TextStim(__class__=<class 'psychopy.visual.text.TextStim'>, alignHoriz=method-wrapper(...), alignText='center', alignVert=method-wrapper(...), anchorHoriz='center', anchorVert='center', antialias=True, autoLog=True, bold=False, color=array([-1., -1., -1.]), colorSpace='rgb', contrast=1.0, depth=0.0, flipHoriz=False, flipVert=False, font='Open Sans', fontFiles=[], height=0.05, italic=False, languageStyle='LTR', name='text', opacity=1, ori=0.0, pos=array([0., 0.]), rgb=UNKNOWN, text=str(...), units='height', win=Window(...), wrapWidth=1)
13.1577 	EXP 	Created fixcross = ShapeStim(__class__=<class 'psychopy.visual.shape.ShapeStim'>, autoDraw=False, autoLog=True, closeShape=True, color=method-wrapper(...), colorSpace='rgb', contrast=None, depth=0.0, fillColor=array([-1., -1., -1.]), fillColorSpace='rgb', fillRGB=array([-1., -1., -1.]), interpolate=True, lineColor=array([1., 1., 1.]), lineColorSpace='rgb', lineRGB=array([1, 1, 1]), lineWidth=1.0, name='fixcross', opacity=1, ori=0.0, pos=array([0., 0.]), size=array([0.1, 0.1]), units='height', vertices=ndarray(...), win=Window(...), windingRule=None)
13.1592 	EXP 	Created Fasttext = TextStim(__class__=<class 'psychopy.visual.text.TextStim'>, alignHoriz=method-wrapper(...), alignText='center', alignVert=method-wrapper(...), anchorHoriz='center', anchorVert='center', antialias=True, autoLog=True, bold=False, color=array([-1., -1., -1.]), colorSpace='rgb', contrast=1.0, depth=-1.0, flipHoriz=False, flipVert=False, font='Open Sans', fontFiles=[], height=0.05, italic=False, languageStyle='LTR', name='Fasttext', opacity=1, ori=0.0, pos=array([0., 0.]), rgb=UNKNOWN, text='', units='height', win=Window(...), wrapWidth=1)
13.1712 	EXP 	Sound Timer set volume 1.000
13.2041 	EXP 	Created EndStudyText = TextStim(__class__=<class 'psychopy.visual.text.TextStim'>, alignHoriz=method-wrapper(...), alignText='center', alignVert=method-wrapper(...), anchorHoriz='center', anchorVert='center', antialias=True, autoLog=True, bold=False, color=array([-1., -1., -1.]), colorSpace='rgb', contrast=1.0, depth=0.0, flipHoriz=False, flipVert=False, font='Open Sans', fontFiles=[], height=0.1, italic=False, languageStyle='LTR', name='EndStudyText', opacity=1, ori=0.0, pos=array([0., 0.]), rgb=UNKNOWN, text=str(...), units='height', win=Window(...), wrapWidth=1)
13.2165 	EXP 	window1: mouseVisible = False
13.2292 	EXP 	Imported SpeededInstructionsSheet.xlsx as conditions, 5 conditions, 1 params
13.2298 	EXP 	Created sequence: sequential, trialTypes=5, nReps=1, seed=None
13.2302 	EXP 	New trial (rep=0, index=0): {'FastInstructions': 'You will be shown a total of 80 statements pertaining to mathematics, science, and social concepts. Your task is to determine whether each statement is true or false as quickly as possible without sacrificing accuracy. Some statements will be difficult and some will be easier.  We do not expect you to know the correct answer for all 80 statements.  Press F to Continue'}
13.2859 	EXP 	Instr1: text = 'You will be shown a total of 80 statements pertaining to mathematics, science, and social concepts. Your task is to determine whether each statement is true or false as quickly as possible without sacrificing accuracy. Some statements will be difficult and some will be easier.  We do not expect you to know the correct answer for all 80 statements.  Press F to Continue'
13.2859 	EXP 	Instr1: autoDraw = True
14.3937 	DATA 	Keypress: f
14.8233 	DATA 	Keypress: f
15.6056 	EXP 	New trial (rep=0, index=1): {'FastInstructions': 'Each statement will appear on your screen for 5 seconds and you will have those 5 seconds to decide if it is true or false before the next statement appears. There will be a beep to inform you that you have 2 seconds remaining. If you do not respond, that answer will be considered incorrect and the task will move on to the next statement. Press F to continue'}
15.6347 	DATA 	Keypress: f
15.6538 	EXP 	Instr1: autoDraw = False
15.6538 	EXP 	Instr1: text = 'Each statement will appear on your screen for 5 seconds and you will have those 5 seconds to decide if it is true or false before the next statement appears. There will be a beep to inform you that you have 2 seconds remaining. If you do not respond, that answer will be considered incorrect and the task will move on to the next statement. Press F to continue'
15.6538 	EXP 	Instr1: autoDraw = True
17.5392 	DATA 	Keypress: f
17.8883 	EXP 	New trial (rep=0, index=2): {'FastInstructions': 'If the statement is true, you will press the “F” key on your keyboard with your left pointer finger; if the statement is false, you will press the “J” key on your keyboard with your right pointer finger. Press F to continue'}
17.9088 	DATA 	Keypress: f
17.9203 	EXP 	Instr1: autoDraw = False
17.9203 	EXP 	Instr1: text = 'If the statement is true, you will press the “F” key on your keyboard with your left pointer finger; if the statement is false, you will press the “J” key on your keyboard with your right pointer finger. Press F to continue'
17.9203 	EXP 	Instr1: autoDraw = True
19.5402 	DATA 	Keypress: f
19.9388 	EXP 	New trial (rep=0, index=3): {'FastInstructions': "Prior to completing the study, you will complete 10 practice trials to familiarize yourself with the task. Your performance on these trials will determine your participation in the following study. Press 'F' to continue."}
19.9585 	DATA 	Keypress: f
19.9701 	EXP 	Instr1: autoDraw = False
19.9701 	EXP 	Instr1: text = "Prior to completing the study, you will complete 10 practice trials to familiarize yourself with the task. Your performance on these trials will determine your participation in the following study. Press 'F' to continue."
19.9701 	EXP 	Instr1: autoDraw = True
21.6413 	DATA 	Keypress: f
21.9889 	EXP 	New trial (rep=0, index=4): {'FastInstructions': 'If the statement is true, press the “F” key on your keyboard with your left pointer finger; if the statement is false, press the “J” key on your keyboard with your right pointer finger. Press F to continue'}
22.0047 	DATA 	Keypress: f
22.0207 	EXP 	Instr1: autoDraw = False
22.0207 	EXP 	Instr1: text = 'If the statement is true, press the “F” key on your keyboard with your left pointer finger; if the statement is false, press the “J” key on your keyboard with your right pointer finger. Press F to continue'
22.0207 	EXP 	Instr1: autoDraw = True
23.8585 	DATA 	Keypress: f
24.1282 	EXP 	Imported InfinityThesisPracticeFast.xlsx as conditions, 10 conditions, 2 params
24.1288 	EXP 	Created sequence: random, trialTypes=10, nReps=1, seed=None
24.1292 	EXP 	New trial (rep=0, index=0): {'practicetext': 'Jupiter is the planet we live on', 'practicecorrect': 'j'}
24.1450 	DATA 	Keypress: f
24.1537 	EXP 	Instr1: autoDraw = False
24.1537 	EXP 	PracticeText: text = 'Jupiter is the planet we live on'
24.1537 	EXP 	fixcross1: autoDraw = True
24.1874 	EXP 	FTrue: autoDraw = True
24.6050 	EXP 	fixcross1: autoDraw = False
24.6373 	EXP 	PracticeText: autoDraw = True
30.1383 	EXP 	PracticeText: autoDraw = False
34.1741 	EXP 	New trial (rep=0, index=1): {'practicetext': 'The Earth is a star', 'practicecorrect': 'j'}
34.1879 	EXP 	FTrue: autoDraw = False
34.1879 	EXP 	fixcross1: autoDraw = False
34.1879 	EXP 	PracticeText: autoDraw = False
34.1879 	EXP 	FTrue: autoDraw = False
34.1879 	EXP 	PracticeText: text = 'The Earth is a star'
34.1879 	EXP 	fixcross1: autoDraw = True
34.2373 	EXP 	FTrue: autoDraw = True
34.6391 	EXP 	fixcross1: autoDraw = False
34.6879 	EXP 	PracticeText: autoDraw = True
40.1891 	EXP 	PracticeText: autoDraw = False
44.2252 	EXP 	New trial (rep=0, index=2): {'practicetext': 'A clock is used to tell time', 'practicecorrect': 'f'}
44.2560 	EXP 	FTrue: autoDraw = False
44.2560 	EXP 	fixcross1: autoDraw = False
44.2560 	EXP 	PracticeText: autoDraw = False
44.2560 	EXP 	FTrue: autoDraw = False
44.2560 	EXP 	PracticeText: text = 'A clock is used to tell time'
44.2560 	EXP 	fixcross1: autoDraw = True
44.2885 	EXP 	FTrue: autoDraw = True
44.7061 	EXP 	fixcross1: autoDraw = False
44.7397 	EXP 	PracticeText: autoDraw = True
45.1102 	DATA 	Keypress: escape
45.5910 	EXP 	window1: mouseVisible = True
