1.7187 	WARNING 	We strongly recommend you activate the PTB sound engine in PsychoPy prefs as the preferred audio engine. Its timing is vastly superior. Your prefs are currently set to use ['sounddevice', 'PTB', 'pyo', 'pygame'] (in that order).
11.4023 	EXP 	Created window1 = Window(allowGUI=False, allowStencil=False, autoLog=True, backendConf=UNKNOWN, bitsMode=UNKNOWN, blendMode='avg', bpc=(8, 8, 8), color=array([1., 1., 1.]), colorSpace='rgb', depthBits=8, fullscr=<method-wrapper '__getattribute__' of attributeSetter object at 0x140831860>, gamma=None, gammaErrorPolicy='raise', lms=UNKNOWN, monitor=<psychopy.monitors.calibTools.Monitor object at 0x1408e6cf8>, multiSample=False, name='window1', numSamples=2, pos=[0.0, 0.0], screen=0, size=array([1440,  900]), stencilBits=0, stereo=False, units='height', useFBO=True, useRetina=False, viewOri=0.0, viewPos=None, viewScale=None, waitBlanking=True, winType='pyglet')
11.4027 	EXP 	window1: mouseVisible = True
11.4028 	EXP 	window1: recordFrameIntervals = False
11.5628 	EXP 	window1: recordFrameIntervals = True
11.7466 	EXP 	window1: recordFrameIntervals = False
12.8466 	EXP 	window1: mouseVisible = True
12.8729 	EXP 	Created Instr1 = TextStim(__class__=<class 'psychopy.visual.text.TextStim'>, alignHoriz=method-wrapper(...), alignText='center', alignVert=method-wrapper(...), anchorHoriz='center', anchorVert='center', antialias=True, autoLog=True, bold=False, color=array([-1., -1., -1.]), colorSpace='rgb', contrast=1.0, depth=0.0, flipHoriz=False, flipVert=False, font='Open Sans', fontFiles=[], height=0.04, italic=False, languageStyle='LTR', name='Instr1', opacity=1, ori=0.0, pos=array([0., 0.]), rgb=UNKNOWN, text='', units='height', win=Window(...), wrapWidth=1)
12.8979 	EXP 	Created fixcross1 = ShapeStim(__class__=<class 'psychopy.visual.shape.ShapeStim'>, autoDraw=False, autoLog=True, closeShape=True, color=method-wrapper(...), colorSpace='rgb', contrast=None, depth=0.0, fillColor=array([-1., -1., -1.]), fillColorSpace='rgb', fillRGB=array([-1., -1., -1.]), interpolate=True, lineColor=array([1., 1., 1.]), lineColorSpace='rgb', lineRGB=array([1, 1, 1]), lineWidth=1.0, name='fixcross1', opacity=1, ori=0.0, pos=array([0., 0.]), size=array([0.1, 0.1]), units='height', vertices=ndarray(...), win=Window(...), windingRule=None)
12.8992 	EXP 	Created PracticeText = TextStim(__class__=<class 'psychopy.visual.text.TextStim'>, alignHoriz=method-wrapper(...), alignText='center', alignVert=method-wrapper(...), anchorHoriz='center', anchorVert='center', antialias=True, autoLog=True, bold=False, color=array([-1., -1., -1.]), colorSpace='rgb', contrast=1.0, depth=-1.0, flipHoriz=False, flipVert=False, font='Open Sans', fontFiles=[], height=0.05, italic=False, languageStyle='LTR', name='PracticeText', opacity=1, ori=0.0, pos=array([0., 0.]), rgb=UNKNOWN, text='', units='height', win=Window(...), wrapWidth=1)
12.9572 	EXP 	Sound scaretone set volume 1.000
12.9598 	DEPRECATION 	'[-1.0, -1.0, -1.0]' is not a valid rgb color
13.0316 	EXP 	Created FTrue = TextStim(__class__=<class 'psychopy.visual.text.TextStim'>, alignHoriz=method-wrapper(...), alignText='center', alignVert=method-wrapper(...), anchorHoriz='center', anchorVert='center', antialias=True, autoLog=True, bold=False, color=array([0., 0., 0.]), colorSpace='rgb', contrast=1.0, depth=-4.0, flipHoriz=False, flipVert=False, font='Open Sans', fontFiles=[], height=0.1, italic=False, languageStyle='LTR', name='FTrue', opacity=0, ori=0.0, pos=array([-0.5,  0.5]), rgb=UNKNOWN, text='F TRUE', units='height', win=Window(...), wrapWidth=1)
13.0751 	EXP 	Created text = TextStim(__class__=<class 'psychopy.visual.text.TextStim'>, alignHoriz=method-wrapper(...), alignText='center', alignVert=method-wrapper(...), anchorHoriz='center', anchorVert='center', antialias=True, autoLog=True, bold=False, color=array([-1., -1., -1.]), colorSpace='rgb', contrast=1.0, depth=0.0, flipHoriz=False, flipVert=False, font='Open Sans', fontFiles=[], height=0.05, italic=False, languageStyle='LTR', name='text', opacity=1, ori=0.0, pos=array([0., 0.]), rgb=UNKNOWN, text=str(...), units='height', win=Window(...), wrapWidth=1)
13.0998 	EXP 	Created fixcross = ShapeStim(__class__=<class 'psychopy.visual.shape.ShapeStim'>, autoDraw=False, autoLog=True, closeShape=True, color=method-wrapper(...), colorSpace='rgb', contrast=None, depth=0.0, fillColor=array([-1., -1., -1.]), fillColorSpace='rgb', fillRGB=array([-1., -1., -1.]), interpolate=True, lineColor=array([1., 1., 1.]), lineColorSpace='rgb', lineRGB=array([1, 1, 1]), lineWidth=1.0, name='fixcross', opacity=1, ori=0.0, pos=array([0., 0.]), size=array([0.1, 0.1]), units='height', vertices=ndarray(...), win=Window(...), windingRule=None)
13.1011 	EXP 	Created Fasttext = TextStim(__class__=<class 'psychopy.visual.text.TextStim'>, alignHoriz=method-wrapper(...), alignText='center', alignVert=method-wrapper(...), anchorHoriz='center', anchorVert='center', antialias=True, autoLog=True, bold=False, color=array([-1., -1., -1.]), colorSpace='rgb', contrast=1.0, depth=-1.0, flipHoriz=False, flipVert=False, font='Open Sans', fontFiles=[], height=0.05, italic=False, languageStyle='LTR', name='Fasttext', opacity=1, ori=0.0, pos=array([0., 0.]), rgb=UNKNOWN, text='', units='height', win=Window(...), wrapWidth=1)
13.1125 	EXP 	Sound Timer set volume 1.000
13.1479 	EXP 	Created EndStudyText = TextStim(__class__=<class 'psychopy.visual.text.TextStim'>, alignHoriz=method-wrapper(...), alignText='center', alignVert=method-wrapper(...), anchorHoriz='center', anchorVert='center', antialias=True, autoLog=True, bold=False, color=array([-1., -1., -1.]), colorSpace='rgb', contrast=1.0, depth=0.0, flipHoriz=False, flipVert=False, font='Open Sans', fontFiles=[], height=0.1, italic=False, languageStyle='LTR', name='EndStudyText', opacity=1, ori=0.0, pos=array([0., 0.]), rgb=UNKNOWN, text=str(...), units='height', win=Window(...), wrapWidth=1)
13.1611 	EXP 	window1: mouseVisible = False
13.1814 	EXP 	Imported SpeededInstructionsSheet.xlsx as conditions, 5 conditions, 1 params
13.1867 	EXP 	Created sequence: sequential, trialTypes=5, nReps=1, seed=None
13.1873 	EXP 	New trial (rep=0, index=0): {'FastInstructions': 'You will be shown a total of 80 statements pertaining to mathematics, science, and social concepts. Your task is to determine whether each statement is true or false as quickly as possible without sacrificing accuracy. Some statements will be difficult and some will be easier.  We do not expect you to know the correct answer for all 80 statements.  Press F to Continue'}
13.2462 	EXP 	Instr1: text = 'You will be shown a total of 80 statements pertaining to mathematics, science, and social concepts. Your task is to determine whether each statement is true or false as quickly as possible without sacrificing accuracy. Some statements will be difficult and some will be easier.  We do not expect you to know the correct answer for all 80 statements.  Press F to Continue'
13.2462 	EXP 	Instr1: autoDraw = True
16.5154 	EXP 	New trial (rep=0, index=1): {'FastInstructions': 'Each statement will appear on your screen for 5 seconds and you will have those 5 seconds to decide if it is true or false before the next statement appears. There will be a beep to inform you that you have 2 seconds remaining. If you do not respond, that answer will be considered incorrect and the task will move on to the next statement. Press F to continue'}
16.5451 	DATA 	Keypress: f
16.5623 	EXP 	Instr1: autoDraw = False
16.5623 	EXP 	Instr1: text = 'Each statement will appear on your screen for 5 seconds and you will have those 5 seconds to decide if it is true or false before the next statement appears. There will be a beep to inform you that you have 2 seconds remaining. If you do not respond, that answer will be considered incorrect and the task will move on to the next statement. Press F to continue'
16.5623 	EXP 	Instr1: autoDraw = True
17.2813 	DATA 	Keypress: f
17.9992 	DATA 	Keypress: f
19.1961 	EXP 	New trial (rep=0, index=2): {'FastInstructions': 'If the statement is true, you will press the “F” key on your keyboard with your left pointer finger; if the statement is false, you will press the “J” key on your keyboard with your right pointer finger. Press F to continue'}
19.2185 	DATA 	Keypress: f
19.2282 	EXP 	Instr1: autoDraw = False
19.2282 	EXP 	Instr1: text = 'If the statement is true, you will press the “F” key on your keyboard with your left pointer finger; if the statement is false, you will press the “J” key on your keyboard with your right pointer finger. Press F to continue'
19.2282 	EXP 	Instr1: autoDraw = True
21.1820 	DATA 	Keypress: f
21.6797 	EXP 	New trial (rep=0, index=3): {'FastInstructions': "Prior to completing the study, you will complete 10 practice trials to familiarize yourself with the task. Your performance on these trials will determine your participation in the following study. Press 'F' to continue."}
21.7027 	DATA 	Keypress: f
21.7120 	EXP 	Instr1: autoDraw = False
21.7120 	EXP 	Instr1: text = "Prior to completing the study, you will complete 10 practice trials to familiarize yourself with the task. Your performance on these trials will determine your participation in the following study. Press 'F' to continue."
21.7120 	EXP 	Instr1: autoDraw = True
23.1824 	DATA 	Keypress: f
23.5827 	DATA 	Keypress: f
24.5654 	EXP 	New trial (rep=0, index=4): {'FastInstructions': 'If the statement is true, press the “F” key on your keyboard with your left pointer finger; if the statement is false, press the “J” key on your keyboard with your right pointer finger. Press F to continue'}
24.5809 	DATA 	Keypress: f
24.5958 	EXP 	Instr1: autoDraw = False
24.5958 	EXP 	Instr1: text = 'If the statement is true, press the “F” key on your keyboard with your left pointer finger; if the statement is false, press the “J” key on your keyboard with your right pointer finger. Press F to continue'
24.5958 	EXP 	Instr1: autoDraw = True
26.3669 	DATA 	Keypress: f
26.7650 	EXP 	Imported InfinityThesisPracticeFast.xlsx as conditions, 10 conditions, 2 params
26.7679 	EXP 	Created sequence: random, trialTypes=10, nReps=1, seed=None
26.7685 	EXP 	New trial (rep=0, index=0): {'practicetext': 'Dinosaurs are extinct', 'practicecorrect': 'f'}
26.7880 	DATA 	Keypress: f
26.7955 	EXP 	Instr1: autoDraw = False
26.7955 	EXP 	PracticeText: text = 'Dinosaurs are extinct'
26.7955 	EXP 	fixcross1: autoDraw = True
26.8296 	EXP 	FTrue: autoDraw = True
27.2460 	EXP 	fixcross1: autoDraw = False
27.2794 	EXP 	PracticeText: autoDraw = True
27.8189 	DATA 	Keypress: f
27.8331 	EXP 	New trial (rep=0, index=1): {'practicetext': 'Jupiter is the planet we live on', 'practicecorrect': 'j'}
27.8468 	EXP 	fixcross1: autoDraw = False
27.8468 	EXP 	PracticeText: autoDraw = False
27.8468 	EXP 	FTrue: autoDraw = False
27.8468 	EXP 	PracticeText: text = 'Jupiter is the planet we live on'
27.8468 	EXP 	fixcross1: autoDraw = True
27.8956 	EXP 	FTrue: autoDraw = True
28.2965 	EXP 	fixcross1: autoDraw = False
28.3455 	EXP 	PracticeText: autoDraw = True
28.8984 	EXP 	New trial (rep=0, index=2): {'practicetext': 'Humans cannot breathe water', 'practicecorrect': 'f'}
28.9094 	DATA 	Keypress: f
28.9304 	EXP 	fixcross1: autoDraw = False
28.9304 	EXP 	PracticeText: autoDraw = False
28.9304 	EXP 	FTrue: autoDraw = False
28.9304 	EXP 	PracticeText: text = 'Humans cannot breathe water'
28.9304 	EXP 	fixcross1: autoDraw = True
28.9632 	EXP 	FTrue: autoDraw = True
29.3350 	DATA 	Keypress: f
29.3796 	EXP 	fixcross1: autoDraw = False
29.4145 	EXP 	PracticeText: autoDraw = True
29.5494 	EXP 	New trial (rep=0, index=3): {'practicetext': 'Magenta is a color', 'practicecorrect': 'f'}
29.5574 	DATA 	Keypress: f
29.5633 	EXP 	fixcross1: autoDraw = False
29.5633 	EXP 	PracticeText: autoDraw = False
29.5633 	EXP 	FTrue: autoDraw = False
29.5633 	EXP 	PracticeText: text = 'Magenta is a color'
29.5633 	EXP 	fixcross1: autoDraw = True
29.5974 	EXP 	FTrue: autoDraw = True
30.0124 	EXP 	fixcross1: autoDraw = False
30.0473 	EXP 	PracticeText: autoDraw = True
30.8678 	DATA 	Keypress: escape
31.4023 	EXP 	window1: mouseVisible = True
