2.8212 	WARNING 	We strongly recommend you activate the PTB sound engine in PsychoPy prefs as the preferred audio engine. Its timing is vastly superior. Your prefs are currently set to use ['sounddevice', 'PTB', 'pyo', 'pygame'] (in that order).
18.4690 	EXP 	Created window1 = Window(allowGUI=False, allowStencil=False, autoLog=True, backendConf=UNKNOWN, bitsMode=UNKNOWN, blendMode='avg', bpc=(8, 8, 8), color=array([1., 1., 1.]), colorSpace='rgb', depthBits=8, fullscr=<method-wrapper '__getattribute__' of attributeSetter object at 0x13f224b70>, gamma=None, gammaErrorPolicy='raise', lms=UNKNOWN, monitor=<psychopy.monitors.calibTools.Monitor object at 0x13dccfcc0>, multiSample=False, name='window1', numSamples=2, pos=[0.0, 0.0], screen=0, size=array([1440,  900]), stencilBits=0, stereo=False, units='height', useFBO=True, useRetina=False, viewOri=0.0, viewPos=None, viewScale=None, waitBlanking=True, winType='pyglet')
18.4692 	EXP 	window1: mouseVisible = True
18.4693 	EXP 	window1: recordFrameIntervals = False
18.6354 	EXP 	window1: recordFrameIntervals = True
18.8203 	EXP 	window1: recordFrameIntervals = False
19.3142 	EXP 	window1: mouseVisible = True
19.3314 	EXP 	Created Instr1 = TextStim(__class__=<class 'psychopy.visual.text.TextStim'>, alignHoriz=method-wrapper(...), alignText='center', alignVert=method-wrapper(...), anchorHoriz='center', anchorVert='center', antialias=True, autoLog=True, bold=False, color=array([-1., -1., -1.]), colorSpace='rgb', contrast=1.0, depth=0.0, flipHoriz=False, flipVert=False, font='Open Sans', fontFiles=[], height=0.04, italic=False, languageStyle='LTR', name='Instr1', opacity=1, ori=0.0, pos=array([0., 0.]), rgb=UNKNOWN, text='', units='height', win=Window(...), wrapWidth=1)
19.3568 	EXP 	Created fixcross1 = ShapeStim(__class__=<class 'psychopy.visual.shape.ShapeStim'>, autoDraw=False, autoLog=True, closeShape=True, color=method-wrapper(...), colorSpace='rgb', contrast=None, depth=0.0, fillColor=array([-1., -1., -1.]), fillColorSpace='rgb', fillRGB=array([-1., -1., -1.]), interpolate=True, lineColor=array([1., 1., 1.]), lineColorSpace='rgb', lineRGB=array([1, 1, 1]), lineWidth=1.0, name='fixcross1', opacity=1, ori=0.0, pos=array([0., 0.]), size=array([0.1, 0.1]), units='height', vertices=ndarray(...), win=Window(...), windingRule=None)
19.3594 	EXP 	Created PracticeText = TextStim(__class__=<class 'psychopy.visual.text.TextStim'>, alignHoriz=method-wrapper(...), alignText='center', alignVert=method-wrapper(...), anchorHoriz='center', anchorVert='center', antialias=True, autoLog=True, bold=False, color=array([-1., -1., -1.]), colorSpace='rgb', contrast=1.0, depth=-1.0, flipHoriz=False, flipVert=False, font='Open Sans', fontFiles=[], height=0.05, italic=False, languageStyle='LTR', name='PracticeText', opacity=1, ori=0.0, pos=array([0., 0.]), rgb=UNKNOWN, text='', units='height', win=Window(...), wrapWidth=1)
19.3928 	EXP 	Sound scaretone set volume 1.000
19.4503 	EXP 	Created FTrue = TextStim(__class__=<class 'psychopy.visual.text.TextStim'>, alignHoriz=method-wrapper(...), alignText='center', alignVert=method-wrapper(...), anchorHoriz='center', anchorVert='center', antialias=True, autoLog=True, bold=False, color=array([-1., -1., -1.]), colorSpace='rgb', contrast=1.0, depth=-4.0, flipHoriz=False, flipVert=False, font='Open Sans', fontFiles=[], height=0.1, italic=False, languageStyle='LTR', name='FTrue', opacity=1, ori=0.0, pos=array([-0.5,  0.5]), rgb=UNKNOWN, text='F TRUE', units='height', win=Window(...), wrapWidth=1)
19.4871 	EXP 	Created text = TextStim(__class__=<class 'psychopy.visual.text.TextStim'>, alignHoriz=method-wrapper(...), alignText='center', alignVert=method-wrapper(...), anchorHoriz='center', anchorVert='center', antialias=True, autoLog=True, bold=False, color=array([-1., -1., -1.]), colorSpace='rgb', contrast=1.0, depth=0.0, flipHoriz=False, flipVert=False, font='Open Sans', fontFiles=[], height=0.05, italic=False, languageStyle='LTR', name='text', opacity=1, ori=0.0, pos=array([0., 0.]), rgb=UNKNOWN, text=str(...), units='height', win=Window(...), wrapWidth=1)
19.5106 	EXP 	Created fixcross = ShapeStim(__class__=<class 'psychopy.visual.shape.ShapeStim'>, autoDraw=False, autoLog=True, closeShape=True, color=method-wrapper(...), colorSpace='rgb', contrast=None, depth=0.0, fillColor=array([-1., -1., -1.]), fillColorSpace='rgb', fillRGB=array([-1., -1., -1.]), interpolate=True, lineColor=array([1., 1., 1.]), lineColorSpace='rgb', lineRGB=array([1, 1, 1]), lineWidth=1.0, name='fixcross', opacity=1, ori=0.0, pos=array([0., 0.]), size=array([0.1, 0.1]), units='height', vertices=ndarray(...), win=Window(...), windingRule=None)
19.5119 	EXP 	Created Fasttext = TextStim(__class__=<class 'psychopy.visual.text.TextStim'>, alignHoriz=method-wrapper(...), alignText='center', alignVert=method-wrapper(...), anchorHoriz='center', anchorVert='center', antialias=True, autoLog=True, bold=False, color=array([-1., -1., -1.]), colorSpace='rgb', contrast=1.0, depth=-1.0, flipHoriz=False, flipVert=False, font='Open Sans', fontFiles=[], height=0.05, italic=False, languageStyle='LTR', name='Fasttext', opacity=1, ori=0.0, pos=array([0., 0.]), rgb=UNKNOWN, text='', units='height', win=Window(...), wrapWidth=1)
19.5238 	EXP 	Sound Timer set volume 1.000
19.5569 	EXP 	Created EndStudyText = TextStim(__class__=<class 'psychopy.visual.text.TextStim'>, alignHoriz=method-wrapper(...), alignText='center', alignVert=method-wrapper(...), anchorHoriz='center', anchorVert='center', antialias=True, autoLog=True, bold=False, color=array([-1., -1., -1.]), colorSpace='rgb', contrast=1.0, depth=0.0, flipHoriz=False, flipVert=False, font='Open Sans', fontFiles=[], height=0.1, italic=False, languageStyle='LTR', name='EndStudyText', opacity=1, ori=0.0, pos=array([0., 0.]), rgb=UNKNOWN, text=str(...), units='height', win=Window(...), wrapWidth=1)
19.5693 	EXP 	window1: mouseVisible = False
19.5878 	EXP 	Imported SpeededInstructionsSheet.xlsx as conditions, 5 conditions, 1 params
19.5885 	EXP 	Created sequence: sequential, trialTypes=5, nReps=1, seed=None
19.5888 	EXP 	New trial (rep=0, index=0): {'FastInstructions': 'You will be shown a total of 80 statements pertaining to mathematics, science, and social concepts. Your task is to determine whether each statement is true or false as quickly as possible without sacrificing accuracy. Some statements will be difficult and some will be easier.  We do not expect you to know the correct answer for all 80 statements.  Press F to Continue'}
19.6531 	EXP 	Instr1: text = 'You will be shown a total of 80 statements pertaining to mathematics, science, and social concepts. Your task is to determine whether each statement is true or false as quickly as possible without sacrificing accuracy. Some statements will be difficult and some will be easier.  We do not expect you to know the correct answer for all 80 statements.  Press F to Continue'
19.6531 	EXP 	Instr1: autoDraw = True
22.0204 	EXP 	New trial (rep=0, index=1): {'FastInstructions': 'Each statement will appear on your screen for 5 seconds and you will have those 5 seconds to decide if it is true or false before the next statement appears. There will be a beep to inform you that you have 2 seconds remaining. If you do not respond, that answer will be considered incorrect and the task will move on to the next statement. Press F to continue'}
22.0577 	DATA 	Keypress: f
22.0684 	EXP 	Instr1: autoDraw = False
22.0684 	EXP 	Instr1: text = 'Each statement will appear on your screen for 5 seconds and you will have those 5 seconds to decide if it is true or false before the next statement appears. There will be a beep to inform you that you have 2 seconds remaining. If you do not respond, that answer will be considered incorrect and the task will move on to the next statement. Press F to continue'
22.0684 	EXP 	Instr1: autoDraw = True
23.1246 	DATA 	Keypress: f
23.6385 	DATA 	Keypress: f
24.3707 	EXP 	New trial (rep=0, index=2): {'FastInstructions': 'If the statement is true, you will press the “F” key on your keyboard with your left pointer finger; if the statement is false, you will press the “J” key on your keyboard with your right pointer finger. Press F to continue'}
24.3909 	DATA 	Keypress: f
24.4027 	EXP 	Instr1: autoDraw = False
24.4027 	EXP 	Instr1: text = 'If the statement is true, you will press the “F” key on your keyboard with your left pointer finger; if the statement is false, you will press the “J” key on your keyboard with your right pointer finger. Press F to continue'
24.4027 	EXP 	Instr1: autoDraw = True
25.9400 	DATA 	Keypress: f
26.3569 	DATA 	Keypress: f
26.9544 	EXP 	New trial (rep=0, index=3): {'FastInstructions': "Prior to completing the study, you will complete 10 practice trials to familiarize yourself with the task. Your performance on these trials will determine your participation in the following study. Press 'F' to continue."}
26.9737 	DATA 	Keypress: f
26.9859 	EXP 	Instr1: autoDraw = False
26.9859 	EXP 	Instr1: text = "Prior to completing the study, you will complete 10 practice trials to familiarize yourself with the task. Your performance on these trials will determine your participation in the following study. Press 'F' to continue."
26.9859 	EXP 	Instr1: autoDraw = True
28.7736 	DATA 	Keypress: f
29.1374 	EXP 	New trial (rep=0, index=4): {'FastInstructions': 'If the statement is true, press the “F” key on your keyboard with your left pointer finger; if the statement is false, press the “J” key on your keyboard with your right pointer finger. Press F to continue'}
29.1517 	DATA 	Keypress: f
29.1702 	EXP 	Instr1: autoDraw = False
29.1702 	EXP 	Instr1: text = 'If the statement is true, press the “F” key on your keyboard with your left pointer finger; if the statement is false, press the “J” key on your keyboard with your right pointer finger. Press F to continue'
29.1702 	EXP 	Instr1: autoDraw = True
30.4555 	DATA 	Keypress: f
30.7900 	DATA 	Keypress: f
31.2501 	EXP 	Imported InfinityThesisPracticeFast.xlsx as conditions, 10 conditions, 2 params
31.2510 	EXP 	Created sequence: random, trialTypes=10, nReps=1, seed=None
31.2513 	EXP 	New trial (rep=0, index=0): {'practicetext': 'Jupiter is the planet we live on', 'practicecorrect': 'j'}
31.2608 	DATA 	Keypress: f
31.2699 	EXP 	Instr1: autoDraw = False
31.2699 	EXP 	PracticeText: text = 'Jupiter is the planet we live on'
31.2699 	EXP 	fixcross1: autoDraw = True
31.3027 	EXP 	FTrue: autoDraw = True
31.7202 	EXP 	fixcross1: autoDraw = False
31.7535 	EXP 	PracticeText: autoDraw = True
37.2541 	EXP 	PracticeText: autoDraw = False
40.5904 	DATA 	Keypress: escape
41.1534 	EXP 	window1: mouseVisible = True
